<?xml version="1.0" encoding="UTF-8"?>
<!-- Generated by org.testng.reporters.JUnitReportReporter -->
<testsuite skipped="0" hostname="DESKTOP-R6U7DT6" name="com.hxy.testCase.ColumnManage_Test" tests="4" failures="0" timestamp="2020-12-01T21:26:43 CST" time="71.991" errors="0">
  <testcase name="ColumnManage_addColumn" time="18.437" classname="com.hxy.testCase.ColumnManage_Test"/>
  <system-out/>
  <testcase name="ColumnManage_updateTitle" time="18.727" classname="com.hxy.testCase.ColumnManage_Test"/>
  <system-out/>
  <testcase name="ColumnManage_setDisplay_all" time="17.639" classname="com.hxy.testCase.ColumnManage_Test"/>
  <system-out/>
  <testcase name="ColumnManage_setDisplay_head" time="17.188" classname="com.hxy.testCase.ColumnManage_Test"/>
  <system-out/>
</testsuite> <!-- com.hxy.testCase.ColumnManage_Test -->
