<?xml version="1.0" encoding="UTF-8"?>
<!-- Generated by org.testng.reporters.JUnitReportReporter -->
<testsuite skipped="0" hostname="DESKTOP-TNDKL02" name="com.webtest.demo.NowPageSetting" tests="8" failures="0" timestamp="2020-12-08T19:07:43 CST" time="200.728" errors="0">
  <testcase name="siteInfoSetting1" time="42.408" classname="com.webtest.demo.NowPageSetting"/>
  <system-out/>
  <testcase name="siteInfoSetting1" time="42.432" classname="com.webtest.demo.NowPageSetting"/>
  <system-out/>
  <testcase name="otherImg" time="21.170" classname="com.webtest.demo.NowPageSetting"/>
  <system-out/>
  <testcase name="localImg" time="19.350" classname="com.webtest.demo.NowPageSetting"/>
  <system-out/>
  <testcase name="localImg" time="19.485" classname="com.webtest.demo.NowPageSetting"/>
  <system-out/>
  <testcase name="setBottomInf" time="16.710" classname="com.webtest.demo.NowPageSetting"/>
  <system-out/>
  <testcase name="setBottomOtherInf" time="19.488" classname="com.webtest.demo.NowPageSetting"/>
  <system-out/>
  <testcase name="setTextStyle" time="19.685" classname="com.webtest.demo.NowPageSetting"/>
  <system-out/>
</testsuite> <!-- com.webtest.demo.NowPageSetting -->
