<?xml version="1.0" encoding="UTF-8"?>
<!-- Generated by org.testng.reporters.JUnitReportReporter -->
<testsuite skipped="0" hostname="DESKTOP-TNDKL02" name="com.webtest.demo.BannerSetting" tests="8" failures="0" timestamp="2020-12-08T19:07:43 CST" time="227.280" errors="1">
  <testcase name="editBanner" time="57.695" classname="com.webtest.demo.BannerSetting"/>
  <system-out/>
  <testcase name="addBanner" time="40.655" classname="com.webtest.demo.BannerSetting"/>
  <system-out/>
  <testcase name="deleteBanner" time="22.049" classname="com.webtest.demo.BannerSetting"/>
  <system-out/>
  <testcase name="setTurns" time="19.728" classname="com.webtest.demo.BannerSetting">
    <error type="java.lang.IndexOutOfBoundsException" message="Index: 0, Size: 0">
      <![CDATA[java.lang.IndexOutOfBoundsException: Index: 0, Size: 0
at java.util.ArrayList.rangeCheck(Unknown Source)
at java.util.ArrayList.get(Unknown Source)
at com.webtest.demo.BannerSetting.setTurns(Unknown Source)
at sun.reflect.NativeMethodAccessorImpl.invoke0(Native Method)
at sun.reflect.NativeMethodAccessorImpl.invoke(Unknown Source)
at sun.reflect.DelegatingMethodAccessorImpl.invoke(Unknown Source)
at java.lang.reflect.Method.invoke(Unknown Source)
at org.testng.internal.MethodInvocationHelper.invokeMethod(MethodInvocationHelper.java:134)
at org.testng.internal.TestInvoker.invokeMethod(TestInvoker.java:597)
at org.testng.internal.TestInvoker.invokeTestMethod(TestInvoker.java:173)
at org.testng.internal.MethodRunner.runInSequence(MethodRunner.java:46)
at org.testng.internal.TestInvoker$MethodInvocationAgent.invoke(TestInvoker.java:816)
at org.testng.internal.TestInvoker.invokeTestMethods(TestInvoker.java:146)
at org.testng.internal.TestMethodWorker.invokeTestMethods(TestMethodWorker.java:146)
at org.testng.internal.TestMethodWorker.run(TestMethodWorker.java:128)
at java.util.ArrayList.forEach(Unknown Source)
at org.testng.TestRunner.privateRun(TestRunner.java:766)
at org.testng.TestRunner.run(TestRunner.java:587)
at org.testng.SuiteRunner.runTest(SuiteRunner.java:384)
at org.testng.SuiteRunner.runSequentially(SuiteRunner.java:378)
at org.testng.SuiteRunner.privateRun(SuiteRunner.java:337)
at org.testng.SuiteRunner.run(SuiteRunner.java:286)
at org.testng.SuiteRunnerWorker.runSuite(SuiteRunnerWorker.java:53)
at org.testng.SuiteRunnerWorker.run(SuiteRunnerWorker.java:96)
at org.testng.TestNG.runSuitesSequentially(TestNG.java:1187)
at org.testng.TestNG.runSuitesLocally(TestNG.java:1109)
at org.testng.TestNG.runSuites(TestNG.java:1039)
at org.testng.TestNG.run(TestNG.java:1007)
at org.testng.TestNG.privateMain(TestNG.java:1336)
at org.testng.TestNG.main(TestNG.java:1304)
]]>
    </error>
  </testcase> <!-- setTurns -->
  <system-out/>
  <testcase name="addButtons" time="34.133" classname="com.webtest.demo.BannerSetting"/>
  <system-out/>
  <testcase name="setBtnColor" time="14.487" classname="com.webtest.demo.BannerSetting"/>
  <system-out/>
  <testcase name="setWordsSize" time="14.697" classname="com.webtest.demo.BannerSetting"/>
  <system-out/>
  <testcase name="deleteBtn" time="23.836" classname="com.webtest.demo.BannerSetting"/>
  <system-out/>
</testsuite> <!-- com.webtest.demo.BannerSetting -->
