<?xml version="1.0" encoding="UTF-8"?>
<!-- Generated by org.testng.reporters.JUnitReportReporter -->
<testsuite skipped="0" hostname="DESKTOP-TNDKL02" name="com.webtest.demo.LanguageSetting" tests="6" failures="0" timestamp="2020-12-08T19:07:43 CST" time="87.759" errors="0">
  <testcase name="openBackLanguageSwitch" time="9.819" classname="com.webtest.demo.LanguageSetting"/>
  <system-out/>
  <testcase name="closeLanguageSwitch" time="9.766" classname="com.webtest.demo.LanguageSetting"/>
  <system-out/>
  <testcase name="closeCSLanguageSwtich" time="9.752" classname="com.webtest.demo.LanguageSetting"/>
  <system-out/>
  <testcase name="addNewLanguage" time="25.676" classname="com.webtest.demo.LanguageSetting"/>
  <system-out/>
  <testcase name="editLanguage" time="18.965" classname="com.webtest.demo.LanguageSetting"/>
  <system-out/>
  <testcase name="plugInsEdit" time="13.781" classname="com.webtest.demo.LanguageSetting"/>
  <system-out/>
</testsuite> <!-- com.webtest.demo.LanguageSetting -->
