<?xml version="1.0" encoding="UTF-8"?>
<!-- Generated by org.testng.reporters.JUnitReportReporter -->
<testsuite skipped="0" hostname="DESKTOP-TNDKL02" name="com.webtest.demo.CustomerServiceSetting" tests="12" failures="0" timestamp="2020-12-06T09:22:29 CST" time="353.698" errors="0">
  <testcase name="editCSName" time="20.061" classname="com.webtest.demo.CustomerServiceSetting"/>
  <system-out/>
  <testcase name="editCSPhoneNum" time="23.096" classname="com.webtest.demo.CustomerServiceSetting"/>
  <system-out/>
  <testcase name="editeCSType" time="28.266" classname="com.webtest.demo.CustomerServiceSetting"/>
  <system-out/>
  <testcase name="deleteCSImg" time="23.197" classname="com.webtest.demo.CustomerServiceSetting"/>
  <system-out/>
  <testcase name="editCSImg" time="30.056" classname="com.webtest.demo.CustomerServiceSetting"/>
  <system-out/>
  <testcase name="addCS" time="39.287" classname="com.webtest.demo.CustomerServiceSetting"/>
  <system-out/>
  <testcase name="deleteCS" time="23.005" classname="com.webtest.demo.CustomerServiceSetting"/>
  <system-out/>
  <testcase name="editFixedStyle" time="24.367" classname="com.webtest.demo.CustomerServiceSetting"/>
  <system-out/>
  <testcase name="CSstyleSetting" time="30.777" classname="com.webtest.demo.CustomerServiceSetting"/>
  <system-out/>
  <testcase name="otherSetting" time="55.985" classname="com.webtest.demo.CustomerServiceSetting"/>
  <system-out/>
  <testcase name="addColumn" time="28.423" classname="com.webtest.demo.CustomerServiceSetting"/>
  <system-out/>
  <testcase name="deleteColumn" time="27.178" classname="com.webtest.demo.CustomerServiceSetting"/>
  <system-out/>
</testsuite> <!-- com.webtest.demo.CustomerServiceSetting -->
