<?xml version="1.0" encoding="UTF-8"?>
<!-- Generated by org.testng.reporters.JUnitReportReporter -->
<testsuite skipped="0" hostname="DESKTOP-TNDKL02" name="com.webtest.demo.LanguageSetting" tests="6" failures="0" timestamp="2020-12-06T09:22:29 CST" time="140.130" errors="0">
  <testcase name="openBackLanguageSwitch" time="35.449" classname="com.webtest.demo.LanguageSetting"/>
  <system-out/>
  <testcase name="closeLanguageSwitch" time="22.574" classname="com.webtest.demo.LanguageSetting"/>
  <system-out/>
  <testcase name="closeCSLanguageSwtich" time="22.210" classname="com.webtest.demo.LanguageSetting"/>
  <system-out/>
  <testcase name="addNewLanguage" time="26.470" classname="com.webtest.demo.LanguageSetting"/>
  <system-out/>
  <testcase name="editLanguage" time="19.445" classname="com.webtest.demo.LanguageSetting"/>
  <system-out/>
  <testcase name="plugInsEdit" time="13.982" classname="com.webtest.demo.LanguageSetting"/>
  <system-out/>
</testsuite> <!-- com.webtest.demo.LanguageSetting -->
