<?xml version="1.0" encoding="UTF-8"?>
<!-- Generated by org.testng.reporters.JUnitReportReporter -->
<testsuite skipped="0" hostname="DESKTOP-TNDKL02" name="com.webtest.demo.CustomerServiceSetting" tests="12" failures="0" timestamp="2020-12-08T19:07:43 CST" time="322.502" errors="1">
  <testcase name="editCSName" time="18.868" classname="com.webtest.demo.CustomerServiceSetting"/>
  <system-out/>
  <testcase name="editCSPhoneNum" time="22.135" classname="com.webtest.demo.CustomerServiceSetting"/>
  <system-out/>
  <testcase name="editeCSType" time="27.174" classname="com.webtest.demo.CustomerServiceSetting"/>
  <system-out/>
  <testcase name="deleteCSImg" time="22.043" classname="com.webtest.demo.CustomerServiceSetting"/>
  <system-out/>
  <testcase name="editCSImg" time="29.212" classname="com.webtest.demo.CustomerServiceSetting"/>
  <system-out/>
  <testcase name="addCS" time="37.862" classname="com.webtest.demo.CustomerServiceSetting"/>
  <system-out/>
  <testcase name="deleteCS" time="25.067" classname="com.webtest.demo.CustomerServiceSetting"/>
  <system-out/>
  <testcase name="editFixedStyle" time="23.058" classname="com.webtest.demo.CustomerServiceSetting"/>
  <system-out/>
  <testcase name="CSstyleSetting" time="11.951" classname="com.webtest.demo.CustomerServiceSetting">
    <error type="java.lang.NullPointerException">
      <![CDATA[java.lang.NullPointerException
at org.openqa.selenium.support.ui.Select.<init>(Select.java:45)
at com.webtest.core.WebDriverEngine.getSelect(Unknown Source)
at com.webtest.core.WebDriverEngine.selectByValue(Unknown Source)
at com.webtest.demo.CustomerServiceSetting.CSstyleSetting(Unknown Source)
at sun.reflect.NativeMethodAccessorImpl.invoke0(Native Method)
at sun.reflect.NativeMethodAccessorImpl.invoke(Unknown Source)
at sun.reflect.DelegatingMethodAccessorImpl.invoke(Unknown Source)
at java.lang.reflect.Method.invoke(Unknown Source)
at org.testng.internal.MethodInvocationHelper.invokeMethod(MethodInvocationHelper.java:134)
at org.testng.internal.TestInvoker.invokeMethod(TestInvoker.java:597)
at org.testng.internal.TestInvoker.invokeTestMethod(TestInvoker.java:173)
at org.testng.internal.MethodRunner.runInSequence(MethodRunner.java:46)
at org.testng.internal.TestInvoker$MethodInvocationAgent.invoke(TestInvoker.java:816)
at org.testng.internal.TestInvoker.invokeTestMethods(TestInvoker.java:146)
at org.testng.internal.TestMethodWorker.invokeTestMethods(TestMethodWorker.java:146)
at org.testng.internal.TestMethodWorker.run(TestMethodWorker.java:128)
at java.util.ArrayList.forEach(Unknown Source)
at org.testng.TestRunner.privateRun(TestRunner.java:766)
at org.testng.TestRunner.run(TestRunner.java:587)
at org.testng.SuiteRunner.runTest(SuiteRunner.java:384)
at org.testng.SuiteRunner.runSequentially(SuiteRunner.java:378)
at org.testng.SuiteRunner.privateRun(SuiteRunner.java:337)
at org.testng.SuiteRunner.run(SuiteRunner.java:286)
at org.testng.SuiteRunnerWorker.runSuite(SuiteRunnerWorker.java:53)
at org.testng.SuiteRunnerWorker.run(SuiteRunnerWorker.java:96)
at org.testng.TestNG.runSuitesSequentially(TestNG.java:1187)
at org.testng.TestNG.runSuitesLocally(TestNG.java:1109)
at org.testng.TestNG.runSuites(TestNG.java:1039)
at org.testng.TestNG.run(TestNG.java:1007)
at org.testng.TestNG.privateMain(TestNG.java:1336)
at org.testng.TestNG.main(TestNG.java:1304)
]]>
    </error>
  </testcase> <!-- CSstyleSetting -->
  <system-out/>
  <testcase name="otherSetting" time="51.560" classname="com.webtest.demo.CustomerServiceSetting"/>
  <system-out/>
  <testcase name="addColumn" time="27.250" classname="com.webtest.demo.CustomerServiceSetting"/>
  <system-out/>
  <testcase name="deleteColumn" time="26.322" classname="com.webtest.demo.CustomerServiceSetting"/>
  <system-out/>
</testsuite> <!-- com.webtest.demo.CustomerServiceSetting -->
