<?xml version="1.0" encoding="UTF-8"?>
<!-- Generated by org.testng.reporters.JUnitReportReporter -->
<testsuite skipped="0" hostname="LAPTOP-DDFJPIK8" name="com.bxx.test.JoinuspageTest" tests="4" failures="0" timestamp="2020-12-03T17:29:42 CST" time="170.946" errors="0">
  <testcase name="test3" time="41.402" classname="com.bxx.test.JoinuspageTest"/>
  <system-out/>
  <testcase name="test4" time="42.459" classname="com.bxx.test.JoinuspageTest"/>
  <system-out/>
  <testcase name="test2" time="42.138" classname="com.bxx.test.JoinuspageTest"/>
  <system-out/>
  <testcase name="text1" time="44.947" classname="com.bxx.test.JoinuspageTest"/>
  <system-out/>
</testsuite> <!-- com.bxx.test.JoinuspageTest -->
