<?xml version="1.0" encoding="UTF-8"?>
<!-- Generated by org.testng.reporters.JUnitReportReporter -->
<testsuite skipped="0" hostname="LAPTOP-DDFJPIK8" name="com.bxx.test.JoinuszhaopinTest" tests="3" failures="0" timestamp="2020-12-03T17:29:42 CST" time="117.675" errors="0">
  <testcase name="test3" time="33.463" classname="com.bxx.test.JoinuszhaopinTest"/>
  <system-out/>
  <testcase name="test2" time="33.937" classname="com.bxx.test.JoinuszhaopinTest"/>
  <system-out/>
  <testcase name="test1" time="50.275" classname="com.bxx.test.JoinuszhaopinTest"/>
  <system-out/>
</testsuite> <!-- com.bxx.test.JoinuszhaopinTest -->
