<?xml version="1.0" encoding="UTF-8"?>
<!-- Generated by org.testng.reporters.JUnitReportReporter -->
<testsuite skipped="0" hostname="LAPTOP-DDFJPIK8" name="com.bxx.test.JoinusjianliTest" tests="11" failures="0" timestamp="2020-12-03T17:29:42 CST" time="438.049" errors="0">
  <testcase name="test2" time="34.153" classname="com.bxx.test.JoinusjianliTest"/>
  <system-out/>
  <testcase name="test7" time="36.791" classname="com.bxx.test.JoinusjianliTest"/>
  <system-out/>
  <testcase name="test4" time="40.726" classname="com.bxx.test.JoinusjianliTest"/>
  <system-out/>
  <testcase name="test5" time="40.429" classname="com.bxx.test.JoinusjianliTest"/>
  <system-out/>
  <testcase name="test1" time="33.712" classname="com.bxx.test.JoinusjianliTest"/>
  <system-out/>
  <testcase name="test10" time="45.682" classname="com.bxx.test.JoinusjianliTest"/>
  <system-out/>
  <testcase name="test3" time="42.175" classname="com.bxx.test.JoinusjianliTest"/>
  <system-out/>
  <testcase name="test8" time="36.894" classname="com.bxx.test.JoinusjianliTest"/>
  <system-out/>
  <testcase name="test9" time="49.995" classname="com.bxx.test.JoinusjianliTest"/>
  <system-out/>
  <testcase name="test6" time="43.580" classname="com.bxx.test.JoinusjianliTest"/>
  <system-out/>
  <testcase name="test11" time="33.912" classname="com.bxx.test.JoinusjianliTest"/>
  <system-out/>
</testsuite> <!-- com.bxx.test.JoinusjianliTest -->
