<?xml version="1.0" encoding="UTF-8"?>
<!-- Generated by org.testng.reporters.JUnitReportReporter -->
<testsuite skipped="0" hostname="DESKTOP-R6U7DT6" name="com.hxy.testCase.ProductShow_Test" tests="3" failures="0" timestamp="2020-12-01T20:10:34 CST" time="56.082" errors="0">
  <testcase name="ProductShow_set_background_color" time="18.372" classname="com.hxy.testCase.ProductShow_Test"/>
  <system-out/>
  <testcase name="ProductShow_set_text_color" time="18.645" classname="com.hxy.testCase.ProductShow_Test"/>
  <system-out/>
  <testcase name="ProductShow_set_text_distance" time="19.065" classname="com.hxy.testCase.ProductShow_Test"/>
  <system-out/>
</testsuite> <!-- com.hxy.testCase.ProductShow_Test -->
