<?xml version="1.0" encoding="UTF-8"?>
<!-- Generated by org.testng.reporters.JUnitReportReporter -->
<testsuite skipped="4" hostname="LAPTOP-DDFJPIK8" name="com.bxx.test.JoinuspageTest" tests="5" failures="0" timestamp="2020-12-02T00:01:14 CST" time="0.000" errors="1">
  <testcase name="test3" time="0.000" classname="com.bxx.test.JoinuspageTest">
    <skipped/>
  </testcase> <!-- test3 -->
  <system-out/>
  <testcase name="test4" time="0.000" classname="com.bxx.test.JoinuspageTest">
    <skipped/>
  </testcase> <!-- test4 -->
  <system-out/>
  <testcase name="test2" time="0.000" classname="com.bxx.test.JoinuspageTest">
    <skipped/>
  </testcase> <!-- test2 -->
  <system-out/>
  <testcase name="beforeall" time="0.000" classname="com.bxx.test.JoinuspageTest">
    <error type="java.lang.NullPointerException">
      <![CDATA[java.lang.NullPointerException
at com.bxx.test.JoinuspageTest.beforeall(Unknown Source)
at sun.reflect.NativeMethodAccessorImpl.invoke0(Native Method)
at sun.reflect.NativeMethodAccessorImpl.invoke(Unknown Source)
at sun.reflect.DelegatingMethodAccessorImpl.invoke(Unknown Source)
at java.lang.reflect.Method.invoke(Unknown Source)
at org.testng.internal.MethodInvocationHelper.invokeMethod(MethodInvocationHelper.java:134)
at org.testng.internal.MethodInvocationHelper.invokeMethodConsideringTimeout(MethodInvocationHelper.java:63)
at org.testng.internal.ConfigInvoker.invokeConfigurationMethod(ConfigInvoker.java:348)
at org.testng.internal.ConfigInvoker.invokeConfigurations(ConfigInvoker.java:302)
at org.testng.TestRunner.invokeTestConfigurations(TestRunner.java:619)
at org.testng.TestRunner.beforeRun(TestRunner.java:609)
at org.testng.TestRunner.run(TestRunner.java:580)
at org.testng.SuiteRunner.runTest(SuiteRunner.java:384)
at org.testng.SuiteRunner.runSequentially(SuiteRunner.java:378)
at org.testng.SuiteRunner.privateRun(SuiteRunner.java:337)
at org.testng.SuiteRunner.run(SuiteRunner.java:286)
at org.testng.SuiteRunnerWorker.runSuite(SuiteRunnerWorker.java:53)
at org.testng.SuiteRunnerWorker.run(SuiteRunnerWorker.java:96)
at org.testng.TestNG.runSuitesSequentially(TestNG.java:1187)
at org.testng.TestNG.runSuitesLocally(TestNG.java:1109)
at org.testng.TestNG.runSuites(TestNG.java:1039)
at org.testng.TestNG.run(TestNG.java:1007)
at org.testng.TestNG.privateMain(TestNG.java:1336)
at org.testng.TestNG.main(TestNG.java:1304)
]]>
    </error>
  </testcase> <!-- beforeall -->
  <system-out/>
  <testcase name="text1" time="0.000" classname="com.bxx.test.JoinuspageTest">
    <skipped/>
  </testcase> <!-- text1 -->
  <system-out/>
</testsuite> <!-- com.bxx.test.JoinuspageTest -->
