<?xml version="1.0" encoding="UTF-8"?>
<!-- Generated by org.testng.reporters.JUnitReportReporter -->
<testsuite skipped="0" hostname="LAPTOP-DDFJPIK8" name="com.bxx.test.KehuanliEditTest" tests="11" failures="0" timestamp="2020-12-02T00:01:14 CST" time="434.513" errors="1">
  <testcase name="testEditAdd8" time="51.281" classname="com.bxx.test.KehuanliEditTest"/>
  <system-out/>
  <testcase name="testEditAdd6" time="48.648" classname="com.bxx.test.KehuanliEditTest"/>
  <system-out/>
  <testcase name="testEditAdd9" time="51.029" classname="com.bxx.test.KehuanliEditTest"/>
  <system-out/>
  <testcase name="testEdit2" time="31.704" classname="com.bxx.test.KehuanliEditTest"/>
  <system-out/>
  <testcase name="testEdit4" time="31.809" classname="com.bxx.test.KehuanliEditTest"/>
  <system-out/>
  <testcase name="testEditAdd7" time="41.894" classname="com.bxx.test.KehuanliEditTest"/>
  <system-out/>
  <testcase name="testEditAdd5" time="35.906" classname="com.bxx.test.KehuanliEditTest"/>
  <system-out/>
  <testcase name="testEditAdd10" time="47.549" classname="com.bxx.test.KehuanliEditTest"/>
  <system-out/>
  <testcase name="testEdit3" time="27.746" classname="com.bxx.test.KehuanliEditTest"/>
  <system-out/>
  <testcase name="testEditAdd11" time="48.873" classname="com.bxx.test.KehuanliEditTest"/>
  <system-out/>
  <testcase name="testEditDelete1" time="18.074" classname="com.bxx.test.KehuanliEditTest">
    <error type="java.lang.NullPointerException">
      <![CDATA[java.lang.NullPointerException
at com.bxx.core.WebDriverEngine.click(Unknown Source)
at com.bxx.test.KehuanliEditTest.testEditDelete1(Unknown Source)
at sun.reflect.NativeMethodAccessorImpl.invoke0(Native Method)
at sun.reflect.NativeMethodAccessorImpl.invoke(Unknown Source)
at sun.reflect.DelegatingMethodAccessorImpl.invoke(Unknown Source)
at java.lang.reflect.Method.invoke(Unknown Source)
at org.testng.internal.MethodInvocationHelper.invokeMethod(MethodInvocationHelper.java:134)
at org.testng.internal.TestInvoker.invokeMethod(TestInvoker.java:597)
at org.testng.internal.TestInvoker.invokeTestMethod(TestInvoker.java:173)
at org.testng.internal.MethodRunner.runInSequence(MethodRunner.java:46)
at org.testng.internal.TestInvoker$MethodInvocationAgent.invoke(TestInvoker.java:816)
at org.testng.internal.TestInvoker.invokeTestMethods(TestInvoker.java:146)
at org.testng.internal.TestMethodWorker.invokeTestMethods(TestMethodWorker.java:146)
at org.testng.internal.TestMethodWorker.run(TestMethodWorker.java:128)
at java.util.ArrayList.forEach(Unknown Source)
at org.testng.TestRunner.privateRun(TestRunner.java:766)
at org.testng.TestRunner.run(TestRunner.java:587)
at org.testng.SuiteRunner.runTest(SuiteRunner.java:384)
at org.testng.SuiteRunner.runSequentially(SuiteRunner.java:378)
at org.testng.SuiteRunner.privateRun(SuiteRunner.java:337)
at org.testng.SuiteRunner.run(SuiteRunner.java:286)
at org.testng.SuiteRunnerWorker.runSuite(SuiteRunnerWorker.java:53)
at org.testng.SuiteRunnerWorker.run(SuiteRunnerWorker.java:96)
at org.testng.TestNG.runSuitesSequentially(TestNG.java:1187)
at org.testng.TestNG.runSuitesLocally(TestNG.java:1109)
at org.testng.TestNG.runSuites(TestNG.java:1039)
at org.testng.TestNG.run(TestNG.java:1007)
at org.testng.TestNG.privateMain(TestNG.java:1336)
at org.testng.TestNG.main(TestNG.java:1304)
]]>
    </error>
  </testcase> <!-- testEditDelete1 -->
  <system-out/>
</testsuite> <!-- com.bxx.test.KehuanliEditTest -->
