<?xml version="1.0" encoding="UTF-8"?>
<!-- Generated by org.testng.reporters.JUnitReportReporter -->
<testsuite skipped="11" hostname="LAPTOP-DDFJPIK8" name="com.bxx.test.JoinusjianliTest" tests="11" failures="0" timestamp="2020-12-01T23:26:56 CST" time="0.000" errors="0">
  <testcase name="test7" time="0.000" classname="com.bxx.test.JoinusjianliTest">
    <skipped/>
  </testcase> <!-- test7 -->
  <system-out/>
  <testcase name="test3" time="0.000" classname="com.bxx.test.JoinusjianliTest">
    <skipped/>
  </testcase> <!-- test3 -->
  <system-out/>
  <testcase name="test4" time="0.000" classname="com.bxx.test.JoinusjianliTest">
    <skipped/>
  </testcase> <!-- test4 -->
  <system-out/>
  <testcase name="test10" time="0.000" classname="com.bxx.test.JoinusjianliTest">
    <skipped/>
  </testcase> <!-- test10 -->
  <system-out/>
  <testcase name="test6" time="0.000" classname="com.bxx.test.JoinusjianliTest">
    <skipped/>
  </testcase> <!-- test6 -->
  <system-out/>
  <testcase name="test9" time="0.000" classname="com.bxx.test.JoinusjianliTest">
    <skipped/>
  </testcase> <!-- test9 -->
  <system-out/>
  <testcase name="test8" time="0.000" classname="com.bxx.test.JoinusjianliTest">
    <skipped/>
  </testcase> <!-- test8 -->
  <system-out/>
  <testcase name="test1" time="0.000" classname="com.bxx.test.JoinusjianliTest">
    <skipped/>
  </testcase> <!-- test1 -->
  <system-out/>
  <testcase name="test2" time="0.000" classname="com.bxx.test.JoinusjianliTest">
    <skipped/>
  </testcase> <!-- test2 -->
  <system-out/>
  <testcase name="test5" time="0.000" classname="com.bxx.test.JoinusjianliTest">
    <skipped/>
  </testcase> <!-- test5 -->
  <system-out/>
  <testcase name="test11" time="0.000" classname="com.bxx.test.JoinusjianliTest">
    <skipped/>
  </testcase> <!-- test11 -->
  <system-out/>
</testsuite> <!-- com.bxx.test.JoinusjianliTest -->
