<?xml version="1.0" encoding="UTF-8"?>
<!-- Generated by org.testng.reporters.JUnitReportReporter -->
<testsuite skipped="0" hostname="DESKTOP-UM75IQI" name="testcases.NodeTest" tests="1" failures="0" timestamp="2020-11-09T08:42:23 CST" time="6.309" errors="0">
  <testcase name="test_add" time="6.309" classname="testcases.NodeTest"/>
  <system-out/>
</testsuite> <!-- testcases.NodeTest -->
