<?xml version="1.0" encoding="UTF-8"?>
<!-- Generated by org.testng.reporters.JUnitReportReporter -->
<testsuite skipped="0" hostname="LAPTOP-DDFJPIK8" name="com.bxx.test.JoinuspageTest" tests="4" failures="0" timestamp="2020-12-10T17:34:49 CST" time="158.579" errors="0">
  <testcase name="text1" time="39.187" classname="com.bxx.test.JoinuspageTest"/>
  <system-out/>
  <testcase name="test3" time="39.650" classname="com.bxx.test.JoinuspageTest"/>
  <system-out/>
  <testcase name="test4" time="39.321" classname="com.bxx.test.JoinuspageTest"/>
  <system-out/>
  <testcase name="test2" time="40.421" classname="com.bxx.test.JoinuspageTest"/>
  <system-out/>
</testsuite> <!-- com.bxx.test.JoinuspageTest -->
