<?xml version="1.0" encoding="UTF-8"?>
<!-- Generated by org.testng.reporters.JUnitReportReporter -->
<testsuite skipped="0" hostname="LAPTOP-DDFJPIK8" name="com.bxx.test.KehuanliEditTest" tests="12" failures="0" timestamp="2020-12-10T19:25:07 CST" time="477.249" errors="0">
  <testcase name="testEdit3" time="30.724" classname="com.bxx.test.KehuanliEditTest"/>
  <system-out/>
  <testcase name="testEditAdd4" time="33.289" classname="com.bxx.test.KehuanliEditTest"/>
  <system-out/>
  <testcase name="testEditAdd6" time="41.314" classname="com.bxx.test.KehuanliEditTest"/>
  <system-out/>
  <testcase name="testEditAdd10" time="47.739" classname="com.bxx.test.KehuanliEditTest"/>
  <system-out/>
  <testcase name="testEditAdd7" time="49.919" classname="com.bxx.test.KehuanliEditTest"/>
  <system-out/>
  <testcase name="testEditAdd8" time="48.847" classname="com.bxx.test.KehuanliEditTest"/>
  <system-out/>
  <testcase name="testEditAdd4" time="33.024" classname="com.bxx.test.KehuanliEditTest"/>
  <system-out/>
  <testcase name="testEditAdd9" time="46.806" classname="com.bxx.test.KehuanliEditTest"/>
  <system-out/>
  <testcase name="testEditAdd5" time="47.443" classname="com.bxx.test.KehuanliEditTest"/>
  <system-out/>
  <testcase name="testEditAdd4" time="34.246" classname="com.bxx.test.KehuanliEditTest"/>
  <system-out/>
  <testcase name="testEdit1" time="30.899" classname="com.bxx.test.KehuanliEditTest"/>
  <system-out/>
  <testcase name="testEdit2" time="32.999" classname="com.bxx.test.KehuanliEditTest"/>
  <system-out/>
</testsuite> <!-- com.bxx.test.KehuanliEditTest -->
