<?xml version="1.0" encoding="UTF-8"?>
<!-- Generated by org.testng.reporters.JUnitReportReporter -->
<testsuite skipped="0" hostname="LAPTOP-DDFJPIK8" name="com.bxx.test.JoinusjianliTest" tests="1" failures="0" timestamp="2020-12-10T16:41:32 CST" time="38.139" errors="0">
  <testcase name="test4" time="38.139" classname="com.bxx.test.JoinusjianliTest"/>
  <system-out/>
</testsuite> <!-- com.bxx.test.JoinusjianliTest -->
