<?xml version="1.0" encoding="UTF-8"?>
<!-- Generated by org.testng.reporters.JUnitReportReporter -->
<testsuite hostname="DESKTOP-R6U7DT6" name="com.hxy.testCase.ContentManage_Test" tests="1" failures="0" timestamp="23 Nov 2020 08:44:29 GMT" time="16.959" errors="0">
  <testcase name="a" time="16.959" classname="com.hxy.testCase.ContentManage_Test"/>
</testsuite> <!-- com.hxy.testCase.ContentManage_Test -->
