<?xml version="1.0" encoding="UTF-8"?>
<!-- Generated by org.testng.reporters.JUnitReportReporter -->
<testsuite hostname="DESKTOP-R6U7DT6" name="com.hxy.testCase.UpdateTitle_Test" tests="1" failures="0" timestamp="26 Nov 2020 03:20:33 GMT" time="3.967" errors="0">
  <testcase name="UpdateTitle_updateTitle_text" time="3.967" classname="com.hxy.testCase.UpdateTitle_Test"/>
</testsuite> <!-- com.hxy.testCase.UpdateTitle_Test -->
