<?xml version="1.0" encoding="UTF-8"?>
<!-- Generated by org.testng.reporters.JUnitReportReporter -->
<testsuite skipped="0" hostname="LAPTOP-DDFJPIK8" name="com.bxx.test.JoinuszhaopinTest" tests="3" failures="0" timestamp="2020-12-02T15:16:13 CST" time="117.353" errors="0">
  <testcase name="test1" time="50.199" classname="com.bxx.test.JoinuszhaopinTest"/>
  <system-out/>
  <testcase name="test2" time="33.740" classname="com.bxx.test.JoinuszhaopinTest"/>
  <system-out/>
  <testcase name="test3" time="33.414" classname="com.bxx.test.JoinuszhaopinTest"/>
  <system-out/>
</testsuite> <!-- com.bxx.test.JoinuszhaopinTest -->
