<?xml version="1.0" encoding="UTF-8"?>
<!-- Generated by org.testng.reporters.JUnitReportReporter -->
<testsuite skipped="0" hostname="LAPTOP-DDFJPIK8" name="com.bxx.test.JoinusjobTest" tests="16" failures="0" timestamp="2020-12-02T15:16:13 CST" time="598.708" errors="0">
  <testcase name="test5" time="42.876" classname="com.bxx.test.JoinusjobTest"/>
  <system-out/>
  <testcase name="test11" time="47.176" classname="com.bxx.test.JoinusjobTest"/>
  <system-out/>
  <testcase name="test15" time="35.382" classname="com.bxx.test.JoinusjobTest"/>
  <system-out/>
  <testcase name="test8" time="34.963" classname="com.bxx.test.JoinusjobTest"/>
  <system-out/>
  <testcase name="test1" time="34.104" classname="com.bxx.test.JoinusjobTest"/>
  <system-out/>
  <testcase name="test10" time="30.803" classname="com.bxx.test.JoinusjobTest"/>
  <system-out/>
  <testcase name="test7" time="41.923" classname="com.bxx.test.JoinusjobTest"/>
  <system-out/>
  <testcase name="test16" time="37.826" classname="com.bxx.test.JoinusjobTest"/>
  <system-out/>
  <testcase name="test4" time="34.523" classname="com.bxx.test.JoinusjobTest"/>
  <system-out/>
  <testcase name="test12" time="36.155" classname="com.bxx.test.JoinusjobTest"/>
  <system-out/>
  <testcase name="test14" time="44.231" classname="com.bxx.test.JoinusjobTest"/>
  <system-out/>
  <testcase name="test2" time="35.626" classname="com.bxx.test.JoinusjobTest"/>
  <system-out/>
  <testcase name="test9" time="31.398" classname="com.bxx.test.JoinusjobTest"/>
  <system-out/>
  <testcase name="test13" time="39.555" classname="com.bxx.test.JoinusjobTest"/>
  <system-out/>
  <testcase name="test3" time="30.775" classname="com.bxx.test.JoinusjobTest"/>
  <system-out/>
  <testcase name="test6" time="41.392" classname="com.bxx.test.JoinusjobTest"/>
  <system-out/>
</testsuite> <!-- com.bxx.test.JoinusjobTest -->
