<?xml version="1.0" encoding="UTF-8"?>
<!-- Generated by org.testng.reporters.JUnitReportReporter -->
<testsuite skipped="0" hostname="LAPTOP-DDFJPIK8" name="com.bxx.test.KehuanliEditTest" tests="12" failures="0" timestamp="2020-12-06T19:55:18 CST" time="466.008" errors="0">
  <testcase name="testEditAdd5" time="46.184" classname="com.bxx.test.KehuanliEditTest"/>
  <system-out/>
  <testcase name="testEditAdd9" time="46.682" classname="com.bxx.test.KehuanliEditTest"/>
  <system-out/>
  <testcase name="testEditAdd4" time="32.573" classname="com.bxx.test.KehuanliEditTest"/>
  <system-out/>
  <testcase name="testEdit2" time="26.395" classname="com.bxx.test.KehuanliEditTest"/>
  <system-out/>
  <testcase name="testEditAdd6" time="39.880" classname="com.bxx.test.KehuanliEditTest"/>
  <system-out/>
  <testcase name="testEditAdd4" time="32.976" classname="com.bxx.test.KehuanliEditTest"/>
  <system-out/>
  <testcase name="testEditAdd10" time="46.734" classname="com.bxx.test.KehuanliEditTest"/>
  <system-out/>
  <testcase name="testEdit3" time="33.584" classname="com.bxx.test.KehuanliEditTest"/>
  <system-out/>
  <testcase name="testEditAdd4" time="33.164" classname="com.bxx.test.KehuanliEditTest"/>
  <system-out/>
  <testcase name="testEditAdd7" time="49.330" classname="com.bxx.test.KehuanliEditTest"/>
  <system-out/>
  <testcase name="testEdit1" time="29.895" classname="com.bxx.test.KehuanliEditTest"/>
  <system-out/>
  <testcase name="testEditAdd8" time="48.611" classname="com.bxx.test.KehuanliEditTest"/>
  <system-out/>
</testsuite> <!-- com.bxx.test.KehuanliEditTest -->
