<?xml version="1.0" encoding="UTF-8"?>
<!-- Generated by org.testng.reporters.JUnitReportReporter -->
<testsuite skipped="0" hostname="LAPTOP-DDFJPIK8" name="com.bxx.test.JoinusjobTest" tests="17" failures="0" timestamp="2020-12-06T10:40:25 CST" time="569.591" errors="0">
  <testcase name="test12" time="33.550" classname="com.bxx.test.JoinusjobTest"/>
  <system-out/>
  <testcase name="test8" time="32.190" classname="com.bxx.test.JoinusjobTest"/>
  <system-out/>
  <testcase name="test4" time="32.963" classname="com.bxx.test.JoinusjobTest"/>
  <system-out/>
  <testcase name="test16" time="35.456" classname="com.bxx.test.JoinusjobTest"/>
  <system-out/>
  <testcase name="test9" time="28.558" classname="com.bxx.test.JoinusjobTest"/>
  <system-out/>
  <testcase name="test5" time="32.565" classname="com.bxx.test.JoinusjobTest"/>
  <system-out/>
  <testcase name="test6" time="32.244" classname="com.bxx.test.JoinusjobTest"/>
  <system-out/>
  <testcase name="test2" time="32.900" classname="com.bxx.test.JoinusjobTest"/>
  <system-out/>
  <testcase name="test3" time="26.194" classname="com.bxx.test.JoinusjobTest"/>
  <system-out/>
  <testcase name="test1" time="32.439" classname="com.bxx.test.JoinusjobTest"/>
  <system-out/>
  <testcase name="test7" time="33.046" classname="com.bxx.test.JoinusjobTest"/>
  <system-out/>
  <testcase name="test14" time="38.657" classname="com.bxx.test.JoinusjobTest"/>
  <system-out/>
  <testcase name="test5" time="33.630" classname="com.bxx.test.JoinusjobTest"/>
  <system-out/>
  <testcase name="test11" time="43.724" classname="com.bxx.test.JoinusjobTest"/>
  <system-out/>
  <testcase name="test13" time="39.757" classname="com.bxx.test.JoinusjobTest"/>
  <system-out/>
  <testcase name="test15" time="31.948" classname="com.bxx.test.JoinusjobTest"/>
  <system-out/>
  <testcase name="test10" time="29.770" classname="com.bxx.test.JoinusjobTest"/>
  <system-out/>
</testsuite> <!-- com.bxx.test.JoinusjobTest -->
