<?xml version="1.0" encoding="UTF-8"?>
<!-- Generated by org.testng.reporters.JUnitReportReporter -->
<testsuite skipped="0" hostname="LAPTOP-DDFJPIK8" name="com.bxx.test.JoinuszhaopinTest" tests="3" failures="0" timestamp="2020-12-06T10:40:25 CST" time="113.488" errors="0">
  <testcase name="test3" time="32.681" classname="com.bxx.test.JoinuszhaopinTest"/>
  <system-out/>
  <testcase name="test2" time="32.484" classname="com.bxx.test.JoinuszhaopinTest"/>
  <system-out/>
  <testcase name="test1" time="48.323" classname="com.bxx.test.JoinuszhaopinTest"/>
  <system-out/>
</testsuite> <!-- com.bxx.test.JoinuszhaopinTest -->
