<?xml version="1.0" encoding="UTF-8"?>
<!-- Generated by org.testng.reporters.JUnitReportReporter -->
<testsuite skipped="0" hostname="LAPTOP-DDFJPIK8" name="com.bxx.test.JoinuspageTest" tests="4" failures="0" timestamp="2020-12-06T10:40:25 CST" time="166.061" errors="0">
  <testcase name="test3" time="42.581" classname="com.bxx.test.JoinuspageTest"/>
  <system-out/>
  <testcase name="text1" time="42.413" classname="com.bxx.test.JoinuspageTest"/>
  <system-out/>
  <testcase name="test4" time="41.546" classname="com.bxx.test.JoinuspageTest"/>
  <system-out/>
  <testcase name="test2" time="39.521" classname="com.bxx.test.JoinuspageTest"/>
  <system-out/>
</testsuite> <!-- com.bxx.test.JoinuspageTest -->
