<?xml version="1.0" encoding="UTF-8"?>
<!-- Generated by org.testng.reporters.JUnitReportReporter -->
<testsuite skipped="0" hostname="LAPTOP-DDFJPIK8" name="com.bxx.test.IndexPageTest" tests="2" failures="0" timestamp="2020-11-18T10:08:48 CST" time="12.776" errors="0">
  <testcase name="test2" time="0.012" classname="com.bxx.test.IndexPageTest"/>
  <system-out/>
  <testcase name="loginTest" time="12.764" classname="com.bxx.test.IndexPageTest"/>
  <system-out/>
</testsuite> <!-- com.bxx.test.IndexPageTest -->
