<?xml version="1.0" encoding="UTF-8"?>
<!-- Generated by org.testng.reporters.JUnitReportReporter -->
<testsuite skipped="0" hostname="LAPTOP-DDFJPIK8" name="com.bxx.test.JoinuspageTest" tests="4" failures="0" timestamp="2020-12-03T16:48:20 CST" time="165.430" errors="0">
  <testcase name="test3" time="41.327" classname="com.bxx.test.JoinuspageTest"/>
  <system-out/>
  <testcase name="test2" time="40.738" classname="com.bxx.test.JoinuspageTest"/>
  <system-out/>
  <testcase name="test4" time="42.312" classname="com.bxx.test.JoinuspageTest"/>
  <system-out/>
  <testcase name="text1" time="41.053" classname="com.bxx.test.JoinuspageTest"/>
  <system-out/>
</testsuite> <!-- com.bxx.test.JoinuspageTest -->
