<?xml version="1.0" encoding="UTF-8"?>
<!-- Generated by org.testng.reporters.JUnitReportReporter -->
<testsuite skipped="0" hostname="LAPTOP-DDFJPIK8" name="com.webtest.demo.Demo1" tests="1" failures="0" timestamp="2020-11-11T10:09:12 CST" time="0.007" errors="0">
  <testcase name="demo" time="0.007" classname="com.webtest.demo.Demo1"/>
  <system-out/>
</testsuite> <!-- com.webtest.demo.Demo1 -->
