<?xml version="1.0" encoding="UTF-8"?>
<!-- Generated by org.testng.reporters.JUnitReportReporter -->
<testsuite skipped="0" hostname="LAPTOP-DDFJPIK8" name="com.bxx.test.IndexPageTest" tests="1" failures="0" timestamp="2020-11-16T14:14:48 CST" time="6.600" errors="0">
  <testcase name="loginTest" time="6.600" classname="com.bxx.test.IndexPageTest"/>
  <system-out/>
</testsuite> <!-- com.bxx.test.IndexPageTest -->
