<?xml version="1.0" encoding="UTF-8"?>
<!-- Generated by org.testng.reporters.JUnitReportReporter -->
<testsuite skipped="0" hostname="DESKTOP-R6U7DT6" name="com.hxy.testCase.ColumnManage.AddColumn" tests="1" failures="0" timestamp="2020-12-01T16:49:39 CST" time="10.183" errors="0">
  <testcase name="ColumnManage_addColumn" time="10.183" classname="com.hxy.testCase.ColumnManage.AddColumn"/>
  <system-out/>
</testsuite> <!-- com.hxy.testCase.ColumnManage.AddColumn -->
