<?xml version="1.0" encoding="UTF-8"?>
<!-- Generated by org.testng.reporters.JUnitReportReporter -->
<testsuite skipped="0" hostname="DESKTOP-R6U7DT6" name="com.hxy.testCase.EditorialColumn_Test" tests="13" failures="0" timestamp="2020-12-03T11:12:55 CST" time="233.422" errors="0">
  <testcase name="EditorialColumn_set_sortStyle_releaseTime" time="17.342" classname="com.hxy.testCase.EditorialColumn_Test"/>
  <system-out/>
  <testcase name="EditorialColumn_set_sortStyle_daoxu" time="16.993" classname="com.hxy.testCase.EditorialColumn_Test"/>
  <system-out/>
  <testcase name="EditorialColumn_set_setDisplay_head" time="17.424" classname="com.hxy.testCase.EditorialColumn_Test"/>
  <system-out/>
  <testcase name="EditorialColumn_set_newWindow_yes" time="17.730" classname="com.hxy.testCase.EditorialColumn_Test"/>
  <system-out/>
  <testcase name="EditorialColumn_set_setDisplay_all" time="17.276" classname="com.hxy.testCase.EditorialColumn_Test"/>
  <system-out/>
  <testcase name="EditorialColumn_set_sortStyle_updateTime" time="17.371" classname="com.hxy.testCase.EditorialColumn_Test"/>
  <system-out/>
  <testcase name="EditorialColumn_set_newWindow_no" time="17.390" classname="com.hxy.testCase.EditorialColumn_Test"/>
  <system-out/>
  <testcase name="EditorialColumn_set_sortStyle_clickNumber" time="17.375" classname="com.hxy.testCase.EditorialColumn_Test"/>
  <system-out/>
  <testcase name="EditorialColumn_set_setDisplay_tail" time="17.363" classname="com.hxy.testCase.EditorialColumn_Test"/>
  <system-out/>
  <testcase name="EditorialColumn_set_text_size" time="20.127" classname="com.hxy.testCase.EditorialColumn_Test"/>
  <system-out/>
  <testcase name="EditorialColumn_set_text_color" time="21.245" classname="com.hxy.testCase.EditorialColumn_Test"/>
  <system-out/>
  <testcase name="EditorialColumn_set_updateTitle" time="18.196" classname="com.hxy.testCase.EditorialColumn_Test"/>
  <system-out/>
  <testcase name="EditorialColumn_set_sortStyle_zhengxu" time="17.590" classname="com.hxy.testCase.EditorialColumn_Test"/>
  <system-out/>
</testsuite> <!-- com.hxy.testCase.EditorialColumn_Test -->
