<?xml version="1.0" encoding="UTF-8"?>
<!-- Generated by org.testng.reporters.JUnitReportReporter -->
<testsuite hostname="DESKTOP-R6U7DT6" name="com.hxy.testCase.a" tests="1" failures="0" timestamp="25 Nov 2020 00:53:53 GMT" time="11.683" errors="0">
  <testcase name="b" time="11.683" classname="com.hxy.testCase.a"/>
</testsuite> <!-- com.hxy.testCase.a -->
