<?xml version="1.0" encoding="UTF-8"?>
<!-- Generated by org.testng.reporters.JUnitReportReporter -->
<testsuite skipped="0" hostname="DESKTOP-R6U7DT6" name="com.hxy.testCase.ExcelTest" tests="1" failures="0" timestamp="2020-12-02T11:28:52 CST" time="0.005" errors="0">
  <testcase name="test" time="0.005" classname="com.hxy.testCase.ExcelTest"/>
  <system-out/>
</testsuite> <!-- com.hxy.testCase.ExcelTest -->
