<?xml version="1.0" encoding="UTF-8"?>
<!-- Generated by org.testng.reporters.JUnitReportReporter -->
<testsuite skipped="0" hostname="DESKTOP-IMF6SLU" name="com.hxy.testCase.Title_Test" tests="1" failures="0" timestamp="2020-11-19T11:00:13 CST" time="3.096" errors="0">
  <testcase name="updateTitle" time="3.096" classname="com.hxy.testCase.Title_Test"/>
  <system-out/>
</testsuite> <!-- com.hxy.testCase.Title_Test -->
