<?xml version="1.0" encoding="UTF-8"?>
<!-- Generated by org.testng.reporters.JUnitReportReporter -->
<testsuite skipped="0" hostname="DESKTOP-R6U7DT6" name="com.hxy.dataTest.TestData" tests="6" failures="0" timestamp="2020-12-03T10:37:46 CST" time="0.005" errors="0">
  <testcase name="u1" time="0.000" classname="com.hxy.dataTest.TestData"/>
  <system-out/>
  <testcase name="u1" time="0.000" classname="com.hxy.dataTest.TestData"/>
  <system-out/>
  <testcase name="u1" time="0.004" classname="com.hxy.dataTest.TestData"/>
  <system-out/>
  <testcase name="u1" time="0.000" classname="com.hxy.dataTest.TestData"/>
  <system-out/>
  <testcase name="u1" time="0.000" classname="com.hxy.dataTest.TestData"/>
  <system-out/>
  <testcase name="u1" time="0.001" classname="com.hxy.dataTest.TestData"/>
  <system-out/>
</testsuite> <!-- com.hxy.dataTest.TestData -->
