<?xml version="1.0" encoding="UTF-8"?>
<!-- Generated by org.testng.reporters.JUnitReportReporter -->
<testsuite skipped="1" hostname="DESKTOP-R6U7DT6" name="com.hxy.testCase.data" tests="1" failures="0" timestamp="2020-12-02T11:30:43 CST" time="0.000" errors="0">
  <testcase name="a" time="0.000" classname="com.hxy.testCase.data">
    <skipped/>
  </testcase> <!-- a -->
  <system-out/>
</testsuite> <!-- com.hxy.testCase.data -->
