<?xml version="1.0" encoding="UTF-8"?>
<!-- Generated by org.testng.reporters.JUnitReportReporter -->
<testsuite skipped="1" hostname="DESKTOP-R6U7DT6" name="com.hxy.dataTest.UpdateContent" tests="1" failures="0" timestamp="2020-12-03T10:54:52 CST" time="0.000" errors="0">
  <testcase name="updateContent_size" time="0.000" classname="com.hxy.dataTest.UpdateContent">
    <skipped/>
  </testcase> <!-- updateContent_size -->
  <system-out/>
</testsuite> <!-- com.hxy.dataTest.UpdateContent -->
