<?xml version="1.0" encoding="UTF-8"?>
<!-- Generated by org.testng.reporters.JUnitReportReporter -->
<testsuite skipped="0" hostname="DESKTOP-IMF6SLU" name="com.hxy.unittest.Test_Admin" tests="1" failures="0" timestamp="2020-11-19T08:16:39 CST" time="10.335" errors="0">
  <testcase name="admin" time="10.335" classname="com.hxy.unittest.Test_Admin"/>
  <system-out/>
</testsuite> <!-- com.hxy.unittest.Test_Admin -->
