<?xml version="1.0" encoding="UTF-8"?>
<!-- Generated by org.testng.reporters.JUnitReportReporter -->
<testsuite skipped="0" hostname="DESKTOP-R6U7DT6" name="com.hxy.testCase.ContentManage_Test" tests="1" failures="0" timestamp="2020-12-04T15:58:39 CST" time="21.241" errors="0">
  <testcase name="ContentManage_editColumn_cAndp" time="21.241" classname="com.hxy.testCase.ContentManage_Test"/>
  <system-out/>
</testsuite> <!-- com.hxy.testCase.ContentManage_Test -->
