<?xml version="1.0" encoding="UTF-8"?>
<!-- Generated by org.testng.reporters.JUnitReportReporter -->
<testsuite skipped="0" hostname="LAPTOP-DDFJPIK8" name="com.bxx.test.KehuanliEditTest" tests="10" failures="0" timestamp="2020-12-02T15:16:13 CST" time="399.884" errors="0">
  <testcase name="testEdit3" time="30.146" classname="com.bxx.test.KehuanliEditTest"/>
  <system-out/>
  <testcase name="testEditAdd4" time="33.150" classname="com.bxx.test.KehuanliEditTest"/>
  <system-out/>
  <testcase name="testEditAdd7" time="50.173" classname="com.bxx.test.KehuanliEditTest"/>
  <system-out/>
  <testcase name="testEdit1" time="29.872" classname="com.bxx.test.KehuanliEditTest"/>
  <system-out/>
  <testcase name="testEdit2" time="26.766" classname="com.bxx.test.KehuanliEditTest"/>
  <system-out/>
  <testcase name="testEditAdd6" time="40.045" classname="com.bxx.test.KehuanliEditTest"/>
  <system-out/>
  <testcase name="testEditAdd5" time="47.733" classname="com.bxx.test.KehuanliEditTest"/>
  <system-out/>
  <testcase name="testEditAdd9" time="46.376" classname="com.bxx.test.KehuanliEditTest"/>
  <system-out/>
  <testcase name="testEditAdd10" time="46.737" classname="com.bxx.test.KehuanliEditTest"/>
  <system-out/>
  <testcase name="testEditAdd8" time="48.886" classname="com.bxx.test.KehuanliEditTest"/>
  <system-out/>
</testsuite> <!-- com.bxx.test.KehuanliEditTest -->
