<?xml version="1.0" encoding="UTF-8"?>
<!-- Generated by org.testng.reporters.JUnitReportReporter -->
<testsuite skipped="0" hostname="LAPTOP-DDFJPIK8" name="com.bxx.test.JoinuspageTest" tests="4" failures="0" timestamp="2020-12-02T15:16:13 CST" time="168.942" errors="0">
  <testcase name="test3" time="42.469" classname="com.bxx.test.JoinuspageTest"/>
  <system-out/>
  <testcase name="test4" time="41.803" classname="com.bxx.test.JoinuspageTest"/>
  <system-out/>
  <testcase name="text1" time="43.260" classname="com.bxx.test.JoinuspageTest"/>
  <system-out/>
  <testcase name="test2" time="41.410" classname="com.bxx.test.JoinuspageTest"/>
  <system-out/>
</testsuite> <!-- com.bxx.test.JoinuspageTest -->
