<?xml version="1.0" encoding="UTF-8"?>
<!-- Generated by org.testng.reporters.JUnitReportReporter -->
<testsuite skipped="0" hostname="LAPTOP-DDFJPIK8" name="com.bxx.test.kehuanliPageTest" tests="6" failures="0" timestamp="2020-12-02T15:16:13 CST" time="271.220" errors="0">
  <testcase name="test5" time="38.766" classname="com.bxx.test.kehuanliPageTest"/>
  <system-out/>
  <testcase name="testSearch2" time="29.968" classname="com.bxx.test.kehuanliPageTest"/>
  <system-out/>
  <testcase name="testEditDelete6" time="96.749" classname="com.bxx.test.kehuanliPageTest"/>
  <system-out/>
  <testcase name="testBanner1" time="36.632" classname="com.bxx.test.kehuanliPageTest"/>
  <system-out/>
  <testcase name="testSwitch3" time="37.300" classname="com.bxx.test.kehuanliPageTest"/>
  <system-out/>
  <testcase name="test4" time="31.805" classname="com.bxx.test.kehuanliPageTest"/>
  <system-out/>
</testsuite> <!-- com.bxx.test.kehuanliPageTest -->
