<?xml version="1.0" encoding="UTF-8"?>
<!-- Generated by org.testng.reporters.JUnitReportReporter -->
<testsuite skipped="4" hostname="LAPTOP-DDFJPIK8" name="com.bxx.test.Joinus_pageTest" tests="4" failures="0" timestamp="2020-12-01T10:58:24 CST" time="0.000" errors="0">
  <testcase name="test2" time="0.000" classname="com.bxx.test.Joinus_pageTest">
    <skipped/>
  </testcase> <!-- test2 -->
  <system-out/>
  <testcase name="text1" time="0.000" classname="com.bxx.test.Joinus_pageTest">
    <skipped/>
  </testcase> <!-- text1 -->
  <system-out/>
  <testcase name="test3" time="0.000" classname="com.bxx.test.Joinus_pageTest">
    <skipped/>
  </testcase> <!-- test3 -->
  <system-out/>
  <testcase name="test4" time="0.000" classname="com.bxx.test.Joinus_pageTest">
    <skipped/>
  </testcase> <!-- test4 -->
  <system-out/>
</testsuite> <!-- com.bxx.test.Joinus_pageTest -->
