<?xml version="1.0" encoding="UTF-8"?>
<!-- Generated by org.testng.reporters.JUnitReportReporter -->
<testsuite skipped="0" hostname="LAPTOP-DDFJPIK8" name="com.bxx.test.JoinuszhaopinTest" tests="3" failures="0" timestamp="2020-12-02T11:51:45 CST" time="120.208" errors="0">
  <testcase name="test1" time="52.472" classname="com.bxx.test.JoinuszhaopinTest"/>
  <system-out/>
  <testcase name="test2" time="33.958" classname="com.bxx.test.JoinuszhaopinTest"/>
  <system-out/>
  <testcase name="test3" time="33.778" classname="com.bxx.test.JoinuszhaopinTest"/>
  <system-out/>
</testsuite> <!-- com.bxx.test.JoinuszhaopinTest -->
