<?xml version="1.0" encoding="UTF-8"?>
<!-- Generated by org.testng.reporters.JUnitReportReporter -->
<testsuite skipped="0" hostname="LAPTOP-DDFJPIK8" name="com.bxx.test.KehuanliEditTest" tests="10" failures="0" timestamp="2020-12-02T14:47:58 CST" time="419.286" errors="0">
  <testcase name="testEdit3" time="37.956" classname="com.bxx.test.KehuanliEditTest"/>
  <system-out/>
  <testcase name="testEditAdd5" time="48.088" classname="com.bxx.test.KehuanliEditTest"/>
  <system-out/>
  <testcase name="testEditAdd8" time="49.433" classname="com.bxx.test.KehuanliEditTest"/>
  <system-out/>
  <testcase name="testEdit2" time="27.914" classname="com.bxx.test.KehuanliEditTest"/>
  <system-out/>
  <testcase name="testEdit1" time="31.062" classname="com.bxx.test.KehuanliEditTest"/>
  <system-out/>
  <testcase name="testEditAdd9" time="47.624" classname="com.bxx.test.KehuanliEditTest"/>
  <system-out/>
  <testcase name="testEditAdd10" time="47.615" classname="com.bxx.test.KehuanliEditTest"/>
  <system-out/>
  <testcase name="testEditAdd4" time="36.421" classname="com.bxx.test.KehuanliEditTest"/>
  <system-out/>
  <testcase name="testEditAdd7" time="51.248" classname="com.bxx.test.KehuanliEditTest"/>
  <system-out/>
  <testcase name="testEditAdd6" time="41.925" classname="com.bxx.test.KehuanliEditTest"/>
  <system-out/>
</testsuite> <!-- com.bxx.test.KehuanliEditTest -->
