<?xml version="1.0" encoding="UTF-8"?>
<!-- Generated by org.testng.reporters.JUnitReportReporter -->
<testsuite skipped="16" hostname="LAPTOP-DDFJPIK8" name="com.bxx.test.Joinus_jobTest" tests="16" failures="0" timestamp="2020-12-01T10:58:24 CST" time="0.000" errors="0">
  <testcase name="test4" time="0.000" classname="com.bxx.test.Joinus_jobTest">
    <skipped/>
  </testcase> <!-- test4 -->
  <system-out/>
  <testcase name="test15" time="0.000" classname="com.bxx.test.Joinus_jobTest">
    <skipped/>
  </testcase> <!-- test15 -->
  <system-out/>
  <testcase name="test16" time="0.000" classname="com.bxx.test.Joinus_jobTest">
    <skipped/>
  </testcase> <!-- test16 -->
  <system-out/>
  <testcase name="test2" time="0.000" classname="com.bxx.test.Joinus_jobTest">
    <skipped/>
  </testcase> <!-- test2 -->
  <system-out/>
  <testcase name="test11" time="0.000" classname="com.bxx.test.Joinus_jobTest">
    <skipped/>
  </testcase> <!-- test11 -->
  <system-out/>
  <testcase name="test5" time="0.000" classname="com.bxx.test.Joinus_jobTest">
    <skipped/>
  </testcase> <!-- test5 -->
  <system-out/>
  <testcase name="test7" time="0.000" classname="com.bxx.test.Joinus_jobTest">
    <skipped/>
  </testcase> <!-- test7 -->
  <system-out/>
  <testcase name="test3" time="0.000" classname="com.bxx.test.Joinus_jobTest">
    <skipped/>
  </testcase> <!-- test3 -->
  <system-out/>
  <testcase name="test10" time="0.000" classname="com.bxx.test.Joinus_jobTest">
    <skipped/>
  </testcase> <!-- test10 -->
  <system-out/>
  <testcase name="test13" time="0.000" classname="com.bxx.test.Joinus_jobTest">
    <skipped/>
  </testcase> <!-- test13 -->
  <system-out/>
  <testcase name="test1" time="0.000" classname="com.bxx.test.Joinus_jobTest">
    <skipped/>
  </testcase> <!-- test1 -->
  <system-out/>
  <testcase name="test6" time="0.000" classname="com.bxx.test.Joinus_jobTest">
    <skipped/>
  </testcase> <!-- test6 -->
  <system-out/>
  <testcase name="test9" time="0.000" classname="com.bxx.test.Joinus_jobTest">
    <skipped/>
  </testcase> <!-- test9 -->
  <system-out/>
  <testcase name="test12" time="0.000" classname="com.bxx.test.Joinus_jobTest">
    <skipped/>
  </testcase> <!-- test12 -->
  <system-out/>
  <testcase name="test8" time="0.000" classname="com.bxx.test.Joinus_jobTest">
    <skipped/>
  </testcase> <!-- test8 -->
  <system-out/>
  <testcase name="test14" time="0.000" classname="com.bxx.test.Joinus_jobTest">
    <skipped/>
  </testcase> <!-- test14 -->
  <system-out/>
</testsuite> <!-- com.bxx.test.Joinus_jobTest -->
