<?xml version="1.0" encoding="UTF-8"?>
<!-- Generated by org.testng.reporters.JUnitReportReporter -->
<testsuite skipped="0" hostname="LAPTOP-DDFJPIK8" name="com.bxx.test.JoinusjobTest" tests="16" failures="0" timestamp="2020-12-02T11:09:43 CST" time="566.844" errors="0">
  <testcase name="test9" time="32.497" classname="com.bxx.test.JoinusjobTest"/>
  <system-out/>
  <testcase name="test8" time="34.120" classname="com.bxx.test.JoinusjobTest"/>
  <system-out/>
  <testcase name="test1" time="33.805" classname="com.bxx.test.JoinusjobTest"/>
  <system-out/>
  <testcase name="test2" time="35.385" classname="com.bxx.test.JoinusjobTest"/>
  <system-out/>
  <testcase name="test3" time="28.921" classname="com.bxx.test.JoinusjobTest"/>
  <system-out/>
  <testcase name="test6" time="36.812" classname="com.bxx.test.JoinusjobTest"/>
  <system-out/>
  <testcase name="test7" time="35.718" classname="com.bxx.test.JoinusjobTest"/>
  <system-out/>
  <testcase name="test16" time="36.382" classname="com.bxx.test.JoinusjobTest"/>
  <system-out/>
  <testcase name="test10" time="30.047" classname="com.bxx.test.JoinusjobTest"/>
  <system-out/>
  <testcase name="test11" time="43.565" classname="com.bxx.test.JoinusjobTest"/>
  <system-out/>
  <testcase name="test15" time="34.690" classname="com.bxx.test.JoinusjobTest"/>
  <system-out/>
  <testcase name="test12" time="35.671" classname="com.bxx.test.JoinusjobTest"/>
  <system-out/>
  <testcase name="test5" time="36.028" classname="com.bxx.test.JoinusjobTest"/>
  <system-out/>
  <testcase name="test14" time="38.078" classname="com.bxx.test.JoinusjobTest"/>
  <system-out/>
  <testcase name="test4" time="35.559" classname="com.bxx.test.JoinusjobTest"/>
  <system-out/>
  <testcase name="test13" time="39.566" classname="com.bxx.test.JoinusjobTest"/>
  <system-out/>
</testsuite> <!-- com.bxx.test.JoinusjobTest -->
