<?xml version="1.0" encoding="UTF-8"?>
<!-- Generated by org.testng.reporters.JUnitReportReporter -->
<testsuite skipped="0" hostname="DESKTOP-TNDKL02" name="com.webtest.demo.CustomerServiceSetting" tests="1" failures="0" timestamp="2020-12-08T19:11:25 CST" time="32.179" errors="0">
  <testcase name="CSstyleSetting" time="32.179" classname="com.webtest.demo.CustomerServiceSetting"/>
  <system-out/>
</testsuite> <!-- com.webtest.demo.CustomerServiceSetting -->
