<?xml version="1.0" encoding="UTF-8"?>
<!-- Generated by org.testng.reporters.JUnitReportReporter -->
<testsuite skipped="0" hostname="DESKTOP-TNDKL02" name="com.webtest.demo.CustomerServiceSetting" tests="12" failures="0" timestamp="2020-12-05T22:38:59 CST" time="322.092" errors="0">
  <testcase name="editCSName" time="19.029" classname="com.webtest.demo.CustomerServiceSetting"/>
  <system-out/>
  <testcase name="editCSPhoneNum" time="22.206" classname="com.webtest.demo.CustomerServiceSetting"/>
  <system-out/>
  <testcase name="editeCSType" time="27.390" classname="com.webtest.demo.CustomerServiceSetting"/>
  <system-out/>
  <testcase name="deleteCSImg" time="22.224" classname="com.webtest.demo.CustomerServiceSetting"/>
  <system-out/>
  <testcase name="editCSImg" time="29.608" classname="com.webtest.demo.CustomerServiceSetting"/>
  <system-out/>
  <testcase name="addCS" time="38.186" classname="com.webtest.demo.CustomerServiceSetting"/>
  <system-out/>
  <testcase name="deleteCS" time="22.144" classname="com.webtest.demo.CustomerServiceSetting"/>
  <system-out/>
  <testcase name="editFixedStyle" time="23.231" classname="com.webtest.demo.CustomerServiceSetting"/>
  <system-out/>
  <testcase name="CSstyleSetting" time="30.255" classname="com.webtest.demo.CustomerServiceSetting"/>
  <system-out/>
  <testcase name="otherSetting" time="33.605" classname="com.webtest.demo.CustomerServiceSetting"/>
  <system-out/>
  <testcase name="addColumn" time="27.379" classname="com.webtest.demo.CustomerServiceSetting"/>
  <system-out/>
  <testcase name="deleteColumn" time="26.835" classname="com.webtest.demo.CustomerServiceSetting"/>
  <system-out/>
</testsuite> <!-- com.webtest.demo.CustomerServiceSetting -->
