<?xml version="1.0" encoding="UTF-8"?>
<!-- Generated by org.testng.reporters.JUnitReportReporter -->
<testsuite skipped="0" hostname="DESKTOP-TNDKL02" name="com.webtest.demo.DataDownload" tests="5" failures="0" timestamp="2020-12-07T21:00:16 CST" time="168.277" errors="0">
  <testcase name="editData" time="39.769" classname="com.webtest.demo.DataDownload"/>
  <system-out/>
  <testcase name="visitNum" time="35.964" classname="com.webtest.demo.DataDownload"/>
  <system-out/>
  <testcase name="dataCopy" time="40.232" classname="com.webtest.demo.DataDownload"/>
  <system-out/>
  <testcase name="addData" time="27.325" classname="com.webtest.demo.DataDownload"/>
  <system-out/>
  <testcase name="deleteData" time="24.987" classname="com.webtest.demo.DataDownload"/>
  <system-out/>
</testsuite> <!-- com.webtest.demo.DataDownload -->
