<?xml version="1.0" encoding="UTF-8"?>
<!-- Generated by org.testng.reporters.JUnitReportReporter -->
<testsuite skipped="0" hostname="DESKTOP-TNDKL02" name="com.webtest.demo.BannerSetting" tests="1" failures="0" timestamp="2020-12-06T09:26:32 CST" time="23.678" errors="0">
  <testcase name="deleteBtn" time="23.678" classname="com.webtest.demo.BannerSetting"/>
  <system-out/>
</testsuite> <!-- com.webtest.demo.BannerSetting -->
