<?xml version="1.0" encoding="UTF-8"?>
<!-- Generated by org.testng.reporters.JUnitReportReporter -->
<testsuite skipped="0" hostname="DESKTOP-TNDKL02" name="com.webtest.demo.NowPageSetting" tests="2" failures="0" timestamp="2020-12-06T10:22:38 CST" time="84.975" errors="0">
  <testcase name="siteInfoSetting1" time="42.585" classname="com.webtest.demo.NowPageSetting"/>
  <system-out/>
  <testcase name="siteInfoSetting1" time="42.390" classname="com.webtest.demo.NowPageSetting"/>
  <system-out/>
</testsuite> <!-- com.webtest.demo.NowPageSetting -->
