<?xml version="1.0" encoding="UTF-8"?>
<!-- Generated by org.testng.reporters.JUnitReportReporter -->
<testsuite skipped="0" hostname="DESKTOP-TNDKL02" name="com.webtest.demo.LanguageSetting" tests="6" failures="0" timestamp="2020-12-01T21:24:03 CST" time="135.293" errors="0">
  <testcase name="openBackLanguageSwitch" time="34.073" classname="com.webtest.demo.LanguageSetting"/>
  <system-out/>
  <testcase name="closeLanguageSwitch" time="21.363" classname="com.webtest.demo.LanguageSetting"/>
  <system-out/>
  <testcase name="closeCSLanguageSwtich" time="21.329" classname="com.webtest.demo.LanguageSetting"/>
  <system-out/>
  <testcase name="addNewLanguage" time="25.721" classname="com.webtest.demo.LanguageSetting"/>
  <system-out/>
  <testcase name="editLanguage" time="19.004" classname="com.webtest.demo.LanguageSetting"/>
  <system-out/>
  <testcase name="plugInsEdit" time="13.803" classname="com.webtest.demo.LanguageSetting"/>
  <system-out/>
</testsuite> <!-- com.webtest.demo.LanguageSetting -->
