<?xml version="1.0" encoding="UTF-8"?>
<!-- Generated by org.testng.reporters.JUnitReportReporter -->
<testsuite skipped="0" hostname="DESKTOP-TNDKL02" name="com.webtest.demo.TopSetting" tests="1" failures="0" timestamp="2020-12-06T09:00:41 CST" time="19.047" errors="0">
  <testcase name="editHomePageName" time="19.047" classname="com.webtest.demo.TopSetting"/>
  <system-out/>
</testsuite> <!-- com.webtest.demo.TopSetting -->
