<?xml version="1.0" encoding="UTF-8"?>
<!-- Generated by org.testng.reporters.JUnitReportReporter -->
<testsuite skipped="0" hostname="DESKTOP-TNDKL02" name="com.webtest.demo.Products" tests="1" failures="0" timestamp="2020-11-22T15:08:17 CST" time="12.855" errors="0">
  <testcase name="localImg" time="12.855" classname="com.webtest.demo.Products"/>
  <system-out/>
</testsuite> <!-- com.webtest.demo.Products -->
