<?xml version="1.0" encoding="UTF-8"?>
<!-- Generated by org.testng.reporters.JUnitReportReporter -->
<testsuite skipped="0" hostname="DESKTOP-TNDKL02" name="com.webtest.demo.Demo" tests="1" failures="0" timestamp="2020-12-04T14:20:59 CST" time="9.938" errors="0">
  <testcase name="test1" time="9.938" classname="com.webtest.demo.Demo"/>
  <system-out/>
</testsuite> <!-- com.webtest.demo.Demo -->
