<?xml version="1.0" encoding="UTF-8"?>
<!-- Generated by org.testng.reporters.JUnitReportReporter -->
<testsuite skipped="0" hostname="DESKTOP-TNDKL02" name="com.webtest.demo.LanguageSetting" tests="6" failures="0" timestamp="2020-11-23T14:52:31 CST" time="85.860" errors="0">
  <testcase name="openBackLanguageSwitch" time="9.829" classname="com.webtest.demo.LanguageSetting"/>
  <system-out/>
  <testcase name="closeLanguageSwitch" time="9.829" classname="com.webtest.demo.LanguageSetting"/>
  <system-out/>
  <testcase name="closeCSLanguageSwtich" time="9.833" classname="com.webtest.demo.LanguageSetting"/>
  <system-out/>
  <testcase name="addNewLanguage" time="23.713" classname="com.webtest.demo.LanguageSetting"/>
  <system-out/>
  <testcase name="editLanguage" time="18.914" classname="com.webtest.demo.LanguageSetting"/>
  <system-out/>
  <testcase name="plugInsEdit" time="13.742" classname="com.webtest.demo.LanguageSetting"/>
  <system-out/>
</testsuite> <!-- com.webtest.demo.LanguageSetting -->
