<?xml version="1.0" encoding="UTF-8"?>
<!-- Generated by org.testng.reporters.JUnitReportReporter -->
<testsuite skipped="0" hostname="DESKTOP-TNDKL02" name="com.webtest.demo.NowPageSetting" tests="6" failures="0" timestamp="2020-12-01T20:45:57 CST" time="139.105" errors="0">
  <testcase name="siteInfoSetting1" time="42.615" classname="com.webtest.demo.NowPageSetting"/>
  <system-out/>
  <testcase name="otherImg" time="21.093" classname="com.webtest.demo.NowPageSetting"/>
  <system-out/>
  <testcase name="localImg" time="19.257" classname="com.webtest.demo.NowPageSetting"/>
  <system-out/>
  <testcase name="setBottomInf" time="16.748" classname="com.webtest.demo.NowPageSetting"/>
  <system-out/>
  <testcase name="setBottomOtherInf" time="19.602" classname="com.webtest.demo.NowPageSetting"/>
  <system-out/>
  <testcase name="setTextStyle" time="19.790" classname="com.webtest.demo.NowPageSetting"/>
  <system-out/>
</testsuite> <!-- com.webtest.demo.NowPageSetting -->
