<?xml version="1.0" encoding="UTF-8"?>
<!-- Generated by org.testng.reporters.JUnitReportReporter -->
<testsuite skipped="0" hostname="DESKTOP-TNDKL02" name="com.webtest.demo.BannerSetting" tests="5" failures="0" timestamp="2020-11-25T20:26:47 CST" time="101.398" errors="0">
  <testcase name="editBanner" time="17.862" classname="com.webtest.demo.BannerSetting"/>
  <system-out/>
  <testcase name="addButtons" time="33.349" classname="com.webtest.demo.BannerSetting"/>
  <system-out/>
  <testcase name="setBtnColor" time="13.706" classname="com.webtest.demo.BannerSetting"/>
  <system-out/>
  <testcase name="setWordsSize" time="13.633" classname="com.webtest.demo.BannerSetting"/>
  <system-out/>
  <testcase name="showSet" time="22.848" classname="com.webtest.demo.BannerSetting"/>
  <system-out/>
</testsuite> <!-- com.webtest.demo.BannerSetting -->
