<?xml version="1.0" encoding="UTF-8"?>
<!-- Generated by org.testng.reporters.JUnitReportReporter -->
<testsuite skipped="0" hostname="DESKTOP-TNDKL02" name="com.webtest.demo.Products" tests="2" failures="0" timestamp="2020-11-16T17:14:45 CST" time="21.553" errors="0">
  <testcase name="loginTest" time="8.703" classname="com.webtest.demo.Products"/>
  <system-out/>
  <testcase name="productTest" time="12.850" classname="com.webtest.demo.Products"/>
  <system-out/>
</testsuite> <!-- com.webtest.demo.Products -->
