<?xml version="1.0" encoding="UTF-8"?>
<!-- Generated by org.testng.reporters.JUnitReportReporter -->
<testsuite skipped="0" hostname="DESKTOP-TNDKL02" name="com.webtest.demo.PhoneMenuSetting" tests="1" failures="0" timestamp="2020-12-02T08:29:33 CST" time="19.316" errors="0">
  <testcase name="deletePhoneBtn" time="19.316" classname="com.webtest.demo.PhoneMenuSetting"/>
  <system-out/>
</testsuite> <!-- com.webtest.demo.PhoneMenuSetting -->
