<?xml version="1.0" encoding="UTF-8"?>
<!-- Generated by org.testng.reporters.JUnitReportReporter -->
<testsuite skipped="0" hostname="DESKTOP-TNDKL02" name="com.webtest.demo.NowPageSetting" tests="6" failures="0" timestamp="2020-11-26T18:50:27 CST" time="138.731" errors="0">
  <testcase name="siteInfoSetting1" time="42.373" classname="com.webtest.demo.NowPageSetting"/>
  <system-out/>
  <testcase name="otherImg" time="21.124" classname="com.webtest.demo.NowPageSetting"/>
  <system-out/>
  <testcase name="localImg" time="19.321" classname="com.webtest.demo.NowPageSetting"/>
  <system-out/>
  <testcase name="setBottomInf" time="16.625" classname="com.webtest.demo.NowPageSetting"/>
  <system-out/>
  <testcase name="setBottomOtherInf" time="19.504" classname="com.webtest.demo.NowPageSetting"/>
  <system-out/>
  <testcase name="setTextStyle" time="19.784" classname="com.webtest.demo.NowPageSetting"/>
  <system-out/>
</testsuite> <!-- com.webtest.demo.NowPageSetting -->
