<?xml version="1.0" encoding="UTF-8"?>
<!-- Generated by org.testng.reporters.JUnitReportReporter -->
<testsuite skipped="0" hostname="DESKTOP-TNDKL02" name="com.webtest.demo.NowPageSetting" tests="3" failures="0" timestamp="2020-11-23T17:29:03 CST" time="82.665" errors="0">
  <testcase name="siteInfoSetting1" time="42.309" classname="com.webtest.demo.NowPageSetting"/>
  <system-out/>
  <testcase name="otherImg" time="21.124" classname="com.webtest.demo.NowPageSetting"/>
  <system-out/>
  <testcase name="localImg" time="19.232" classname="com.webtest.demo.NowPageSetting"/>
  <system-out/>
</testsuite> <!-- com.webtest.demo.NowPageSetting -->
