<?xml version="1.0" encoding="UTF-8"?>
<!-- Generated by org.testng.reporters.JUnitReportReporter -->
<testsuite skipped="0" hostname="DESKTOP-TNDKL02" name="com.webtest.demo.BannerSetting" tests="8" failures="1" timestamp="2020-12-01T22:49:17 CST" time="209.438" errors="0">
  <testcase name="editBanner" time="31.995" classname="com.webtest.demo.BannerSetting"/>
  <system-out/>
  <testcase name="addBanner" time="41.851" classname="com.webtest.demo.BannerSetting"/>
  <system-out/>
  <testcase name="deleteBanner" time="22.886" classname="com.webtest.demo.BannerSetting"/>
  <system-out/>
  <testcase name="setTurns" time="20.383" classname="com.webtest.demo.BannerSetting">
    <failure type="java.lang.AssertionError" message="expected [网站模板] but found [10合1建站]">
      <![CDATA[java.lang.AssertionError: expected [网站模板] but found [10合1建站]
at org.testng.Assert.fail(Assert.java:97)
at org.testng.Assert.assertEqualsImpl(Assert.java:136)
at org.testng.Assert.assertEquals(Assert.java:118)
at org.testng.Assert.assertEquals(Assert.java:575)
at org.testng.Assert.assertEquals(Assert.java:585)
at com.webtest.demo.BannerSetting.setTurns(BannerSetting.java:256)
at sun.reflect.NativeMethodAccessorImpl.invoke0(Native Method)
at sun.reflect.NativeMethodAccessorImpl.invoke(Unknown Source)
at sun.reflect.DelegatingMethodAccessorImpl.invoke(Unknown Source)
at java.lang.reflect.Method.invoke(Unknown Source)
at org.testng.internal.MethodInvocationHelper.invokeMethod(MethodInvocationHelper.java:134)
at org.testng.internal.TestInvoker.invokeMethod(TestInvoker.java:597)
at org.testng.internal.TestInvoker.invokeTestMethod(TestInvoker.java:173)
at org.testng.internal.MethodRunner.runInSequence(MethodRunner.java:46)
at org.testng.internal.TestInvoker$MethodInvocationAgent.invoke(TestInvoker.java:816)
at org.testng.internal.TestInvoker.invokeTestMethods(TestInvoker.java:146)
at org.testng.internal.TestMethodWorker.invokeTestMethods(TestMethodWorker.java:146)
at org.testng.internal.TestMethodWorker.run(TestMethodWorker.java:128)
at java.util.ArrayList.forEach(Unknown Source)
at org.testng.TestRunner.privateRun(TestRunner.java:766)
at org.testng.TestRunner.run(TestRunner.java:587)
at org.testng.SuiteRunner.runTest(SuiteRunner.java:384)
at org.testng.SuiteRunner.runSequentially(SuiteRunner.java:378)
at org.testng.SuiteRunner.privateRun(SuiteRunner.java:337)
at org.testng.SuiteRunner.run(SuiteRunner.java:286)
at org.testng.SuiteRunnerWorker.runSuite(SuiteRunnerWorker.java:53)
at org.testng.SuiteRunnerWorker.run(SuiteRunnerWorker.java:96)
at org.testng.TestNG.runSuitesSequentially(TestNG.java:1187)
at org.testng.TestNG.runSuitesLocally(TestNG.java:1109)
at org.testng.TestNG.runSuites(TestNG.java:1039)
at org.testng.TestNG.run(TestNG.java:1007)
at org.testng.remote.AbstractRemoteTestNG.run(AbstractRemoteTestNG.java:115)
at org.testng.remote.RemoteTestNG.initAndRun(RemoteTestNG.java:251)
at org.testng.remote.RemoteTestNG.main(RemoteTestNG.java:77)
]]>
    </failure>
  </testcase> <!-- setTurns -->
  <system-out/>
  <testcase name="addButtons" time="35.832" classname="com.webtest.demo.BannerSetting"/>
  <system-out/>
  <testcase name="setBtnColor" time="15.900" classname="com.webtest.demo.BannerSetting"/>
  <system-out/>
  <testcase name="setWordsSize" time="15.821" classname="com.webtest.demo.BannerSetting"/>
  <system-out/>
  <testcase name="deleteBtn" time="24.770" classname="com.webtest.demo.BannerSetting"/>
  <system-out/>
</testsuite> <!-- com.webtest.demo.BannerSetting -->
