<?xml version="1.0" encoding="UTF-8"?>
<!-- Generated by org.testng.reporters.JUnitReportReporter -->
<testsuite skipped="0" hostname="LAPTOP-DDFJPIK8" name="com.bxx.test.JoinuspageTest" tests="4" failures="0" timestamp="2020-12-02T11:41:50 CST" time="166.831" errors="0">
  <testcase name="test4" time="41.129" classname="com.bxx.test.JoinuspageTest"/>
  <system-out/>
  <testcase name="test3" time="44.267" classname="com.bxx.test.JoinuspageTest"/>
  <system-out/>
  <testcase name="text1" time="40.713" classname="com.bxx.test.JoinuspageTest"/>
  <system-out/>
  <testcase name="test2" time="40.722" classname="com.bxx.test.JoinuspageTest"/>
  <system-out/>
</testsuite> <!-- com.bxx.test.JoinuspageTest -->
