<?xml version="1.0" encoding="UTF-8"?>
<!-- Generated by org.testng.reporters.JUnitReportReporter -->
<testsuite skipped="5" hostname="LAPTOP-DDFJPIK8" name="com.bxx.test.allTest" tests="5" failures="0" timestamp="2020-12-01T23:27:37 CST" time="0.000" errors="0">
  <testcase name="Test4" time="0.000" classname="com.bxx.test.allTest">
    <skipped/>
  </testcase> <!-- Test4 -->
  <system-out/>
  <testcase name="Test1" time="0.000" classname="com.bxx.test.allTest">
    <skipped/>
  </testcase> <!-- Test1 -->
  <system-out/>
  <testcase name="Test5" time="0.000" classname="com.bxx.test.allTest">
    <skipped/>
  </testcase> <!-- Test5 -->
  <system-out/>
  <testcase name="Test2" time="0.000" classname="com.bxx.test.allTest">
    <skipped/>
  </testcase> <!-- Test2 -->
  <system-out/>
  <testcase name="Test3" time="0.000" classname="com.bxx.test.allTest">
    <skipped/>
  </testcase> <!-- Test3 -->
  <system-out/>
</testsuite> <!-- com.bxx.test.allTest -->
