<?xml version="1.0" encoding="UTF-8"?>
<!-- Generated by org.testng.reporters.JUnitReportReporter -->
<testsuite skipped="0" hostname="LAPTOP-DDFJPIK8" name="com.bxx.test.JoinusjianliTest" tests="1" failures="0" timestamp="2020-12-02T11:31:00 CST" time="42.895" errors="0">
  <testcase name="test8" time="42.895" classname="com.bxx.test.JoinusjianliTest"/>
  <system-out/>
</testsuite> <!-- com.bxx.test.JoinusjianliTest -->
