<?xml version="1.0" encoding="UTF-8"?>
<!-- Generated by org.testng.reporters.JUnitReportReporter -->
<testsuite skipped="0" hostname="LAPTOP-DDFJPIK8" name="com.bxx.test.kehuanliPageTest" tests="6" failures="0" timestamp="2020-12-02T14:40:18 CST" time="269.664" errors="0">
  <testcase name="test5" time="38.305" classname="com.bxx.test.kehuanliPageTest"/>
  <system-out/>
  <testcase name="testSwitch3" time="37.745" classname="com.bxx.test.kehuanliPageTest"/>
  <system-out/>
  <testcase name="testSearch2" time="29.455" classname="com.bxx.test.kehuanliPageTest"/>
  <system-out/>
  <testcase name="testEditDelete6" time="96.249" classname="com.bxx.test.kehuanliPageTest"/>
  <system-out/>
  <testcase name="testBanner1" time="38.731" classname="com.bxx.test.kehuanliPageTest"/>
  <system-out/>
  <testcase name="test4" time="29.179" classname="com.bxx.test.kehuanliPageTest"/>
  <system-out/>
</testsuite> <!-- com.bxx.test.kehuanliPageTest -->
