<?xml version="1.0" encoding="UTF-8"?>
<!-- Generated by org.testng.reporters.JUnitReportReporter -->
<testsuite skipped="0" hostname="DESKTOP-R6U7DT6" name="com.hxy.testCase.ColumnManage_Test" tests="1" failures="0" timestamp="2020-12-04T14:56:09 CST" time="14.043" errors="0">
  <testcase name="ColumnManage_setDisplay_all" time="14.043" classname="com.hxy.testCase.ColumnManage_Test"/>
  <system-out/>
</testsuite> <!-- com.hxy.testCase.ColumnManage_Test -->
