<?xml version="1.0" encoding="UTF-8"?>
<!-- Generated by org.testng.reporters.JUnitReportReporter -->
<testsuite skipped="0" hostname="DESKTOP-R6U7DT6" name="com.hxy.testCase.ContentManage_Test" tests="1" failures="0" timestamp="2020-12-03T08:34:08 CST" time="19.699" errors="0">
  <testcase name="ContentManage_editColumn_computer" time="19.699" classname="com.hxy.testCase.ContentManage_Test"/>
  <system-out/>
</testsuite> <!-- com.hxy.testCase.ContentManage_Test -->
