<?xml version="1.0" encoding="UTF-8"?>
<!-- Generated by org.testng.reporters.JUnitReportReporter -->
<testsuite skipped="0" hostname="DESKTOP-R6U7DT6" name="com.hxy.testCase.DataTest" tests="3" failures="0" timestamp="2020-12-02T11:36:31 CST" time="0.005" errors="0">
  <testcase name="a" time="0.004" classname="com.hxy.testCase.DataTest"/>
  <system-out/>
  <testcase name="a" time="0.000" classname="com.hxy.testCase.DataTest"/>
  <system-out/>
  <testcase name="a" time="0.001" classname="com.hxy.testCase.DataTest"/>
  <system-out/>
</testsuite> <!-- com.hxy.testCase.DataTest -->
