<?xml version="1.0" encoding="UTF-8"?>
<!-- Generated by org.testng.reporters.JUnitReportReporter -->
<testsuite skipped="0" hostname="DESKTOP-R6U7DT6" name="com.hxy.dataTest.UpdateSearchBox" tests="2" failures="0" timestamp="2020-12-03T10:15:54 CST" time="35.005" errors="0">
  <testcase name="updateText" time="17.616" classname="com.hxy.dataTest.UpdateSearchBox"/>
  <system-out/>
  <testcase name="updateText" time="17.389" classname="com.hxy.dataTest.UpdateSearchBox"/>
  <system-out/>
</testsuite> <!-- com.hxy.dataTest.UpdateSearchBox -->
