<?xml version="1.0" encoding="UTF-8"?>
<!-- Generated by org.testng.reporters.JUnitReportReporter -->
<testsuite hostname="DESKTOP-R6U7DT6" name="com.hxy.assertion.ATest" tests="1" failures="0" timestamp="25 Nov 2020 12:56:05 GMT" time="0.006" errors="0">
  <testcase name="a" time="0.006" classname="com.hxy.assertion.ATest"/>
</testsuite> <!-- com.hxy.assertion.ATest -->
