<?xml version="1.0" encoding="UTF-8"?>
<!-- Generated by org.testng.reporters.JUnitReportReporter -->
<testsuite skipped="1" hostname="DESKTOP-R6U7DT6" name="com.webtest.dataProvider.ExcelTest" tests="1" failures="0" timestamp="2020-12-02T11:26:17 CST" time="0.000" errors="0">
  <testcase name="test" time="0.000" classname="com.webtest.dataProvider.ExcelTest">
    <skipped/>
  </testcase> <!-- test -->
  <system-out/>
</testsuite> <!-- com.webtest.dataProvider.ExcelTest -->
