<?xml version="1.0" encoding="UTF-8"?>
<!-- Generated by org.testng.reporters.JUnitReportReporter -->
<testsuite skipped="0" hostname="DESKTOP-R6U7DT6" name="com.hxy.testCase.EditorialColumn_Test" tests="14" failures="0" timestamp="2020-12-01T17:33:32 CST" time="252.105" errors="0">
  <testcase name="EditorialColumn_set_sortStyle_updateTime" time="17.587" classname="com.hxy.testCase.EditorialColumn_Test"/>
  <system-out/>
  <testcase name="EditorialColumn_set_updateTitle" time="18.733" classname="com.hxy.testCase.EditorialColumn_Test"/>
  <system-out/>
  <testcase name="EditorialColumn_set_sortStyle_releaseTime" time="17.475" classname="com.hxy.testCase.EditorialColumn_Test"/>
  <system-out/>
  <testcase name="EditorialColumn_set_text_size" time="20.193" classname="com.hxy.testCase.EditorialColumn_Test"/>
  <system-out/>
  <testcase name="EditorialColumn_set_sortStyle_zhengxu" time="17.167" classname="com.hxy.testCase.EditorialColumn_Test"/>
  <system-out/>
  <testcase name="EditorialColumn_set_newWindow_no" time="17.421" classname="com.hxy.testCase.EditorialColumn_Test"/>
  <system-out/>
  <testcase name="EditorialColumn_set_setDisplay_head" time="17.534" classname="com.hxy.testCase.EditorialColumn_Test"/>
  <system-out/>
  <testcase name="EditorialColumn_set_sortStyle_clickNumber" time="17.424" classname="com.hxy.testCase.EditorialColumn_Test"/>
  <system-out/>
  <testcase name="EditorialColumn_set_setDisplay_tail" time="17.531" classname="com.hxy.testCase.EditorialColumn_Test"/>
  <system-out/>
  <testcase name="EditorialColumn_set_setDisplay_no" time="17.486" classname="com.hxy.testCase.EditorialColumn_Test"/>
  <system-out/>
  <testcase name="EditorialColumn_set_newWindow_yes" time="17.468" classname="com.hxy.testCase.EditorialColumn_Test"/>
  <system-out/>
  <testcase name="EditorialColumn_set_sortStyle_daoxu" time="17.216" classname="com.hxy.testCase.EditorialColumn_Test"/>
  <system-out/>
  <testcase name="EditorialColumn_set_text_color" time="21.359" classname="com.hxy.testCase.EditorialColumn_Test"/>
  <system-out/>
  <testcase name="EditorialColumn_set_setDisplay_all" time="17.511" classname="com.hxy.testCase.EditorialColumn_Test"/>
  <system-out/>
</testsuite> <!-- com.hxy.testCase.EditorialColumn_Test -->
