<?xml version="1.0" encoding="UTF-8"?>
<!-- Generated by org.testng.reporters.JUnitReportReporter -->
<testsuite skipped="0" hostname="DESKTOP-UM75IQI" name="testcases.TestDbData" tests="5" failures="0" timestamp="2021-04-30T17:14:08 CST" time="0.015" errors="0">
  <testcase name="testmethod1" time="0.002" classname="testcases.TestDbData"/>
  <system-out/>
  <testcase name="testmethod1" time="0.001" classname="testcases.TestDbData"/>
  <system-out/>
  <testcase name="testmethod1" time="0.002" classname="testcases.TestDbData"/>
  <system-out/>
  <testcase name="testmethod1" time="0.001" classname="testcases.TestDbData"/>
  <system-out/>
  <testcase name="testmethod1" time="0.009" classname="testcases.TestDbData"/>
  <system-out/>
</testsuite> <!-- testcases.TestDbData -->
