<?xml version="1.0" encoding="UTF-8"?>
<!-- Generated by org.testng.reporters.JUnitReportReporter -->
<testsuite skipped="0" hostname="LAPTOP-DDFJPIK8" name="com.bxx.test.allTest" tests="1" failures="0" timestamp="2020-12-04T16:22:44 CST" time="20.877" errors="0">
  <testcase name="Test5" time="20.877" classname="com.bxx.test.allTest"/>
  <system-out/>
</testsuite> <!-- com.bxx.test.allTest -->
