<?xml version="1.0" encoding="UTF-8"?>
<!-- Generated by org.testng.reporters.JUnitReportReporter -->
<testsuite skipped="0" hostname="LAPTOP-DDFJPIK8" name="com.bxx.test.JoinusjianliTest" tests="11" failures="0" timestamp="2020-12-03T16:48:20 CST" time="438.531" errors="0">
  <testcase name="test6" time="44.241" classname="com.bxx.test.JoinusjianliTest"/>
  <system-out/>
  <testcase name="test5" time="40.600" classname="com.bxx.test.JoinusjianliTest"/>
  <system-out/>
  <testcase name="test9" time="50.321" classname="com.bxx.test.JoinusjianliTest"/>
  <system-out/>
  <testcase name="test4" time="40.103" classname="com.bxx.test.JoinusjianliTest"/>
  <system-out/>
  <testcase name="test7" time="37.326" classname="com.bxx.test.JoinusjianliTest"/>
  <system-out/>
  <testcase name="test3" time="42.556" classname="com.bxx.test.JoinusjianliTest"/>
  <system-out/>
  <testcase name="test2" time="33.574" classname="com.bxx.test.JoinusjianliTest"/>
  <system-out/>
  <testcase name="test1" time="33.834" classname="com.bxx.test.JoinusjianliTest"/>
  <system-out/>
  <testcase name="test8" time="36.952" classname="com.bxx.test.JoinusjianliTest"/>
  <system-out/>
  <testcase name="test11" time="33.578" classname="com.bxx.test.JoinusjianliTest"/>
  <system-out/>
  <testcase name="test10" time="45.446" classname="com.bxx.test.JoinusjianliTest"/>
  <system-out/>
</testsuite> <!-- com.bxx.test.JoinusjianliTest -->
