<?xml version="1.0" encoding="UTF-8"?>
<!-- Generated by org.testng.reporters.JUnitReportReporter -->
<testsuite skipped="0" hostname="LAPTOP-DDFJPIK8" name="com.bxx.test.KehuanliEditTest" tests="3" failures="0" timestamp="2020-12-06T09:20:49 CST" time="96.736" errors="0">
  <testcase name="testEditAdd4" time="31.690" classname="com.bxx.test.KehuanliEditTest"/>
  <system-out/>
  <testcase name="testEditAdd4" time="33.361" classname="com.bxx.test.KehuanliEditTest"/>
  <system-out/>
  <testcase name="testEditAdd4" time="31.685" classname="com.bxx.test.KehuanliEditTest"/>
  <system-out/>
</testsuite> <!-- com.bxx.test.KehuanliEditTest -->
