<?xml version="1.0" encoding="UTF-8"?>
<!-- Generated by org.testng.reporters.JUnitReportReporter -->
<testsuite skipped="0" hostname="LAPTOP-DDFJPIK8" name="com.bxx.test.TestZip" tests="1" failures="0" timestamp="2020-11-12T09:09:08 CST" time="0.043" errors="0">
  <testcase name="nihao" time="0.043" classname="com.bxx.test.TestZip"/>
  <system-out/>
</testsuite> <!-- com.bxx.test.TestZip -->
