<?xml version="1.0" encoding="UTF-8"?>
<!-- Generated by org.testng.reporters.JUnitReportReporter -->
<testsuite skipped="0" hostname="LAPTOP-DDFJPIK8" name="com.bxx.test.kehuanliPageTest" tests="6" failures="0" timestamp="2020-12-10T17:49:33 CST" time="254.612" errors="0">
  <testcase name="testBanner1" time="32.957" classname="com.bxx.test.kehuanliPageTest"/>
  <system-out/>
  <testcase name="testEditDelete6" time="93.497" classname="com.bxx.test.kehuanliPageTest"/>
  <system-out/>
  <testcase name="test5" time="35.677" classname="com.bxx.test.kehuanliPageTest"/>
  <system-out/>
  <testcase name="testSwitch3" time="33.760" classname="com.bxx.test.kehuanliPageTest"/>
  <system-out/>
  <testcase name="testSearch2" time="28.319" classname="com.bxx.test.kehuanliPageTest"/>
  <system-out/>
  <testcase name="test4" time="30.402" classname="com.bxx.test.kehuanliPageTest"/>
  <system-out/>
</testsuite> <!-- com.bxx.test.kehuanliPageTest -->
