<?xml version="1.0" encoding="UTF-8"?>
<!-- Generated by org.testng.reporters.JUnitReportReporter -->
<testsuite skipped="0" hostname="LAPTOP-DDFJPIK8" name="com.bxx.test.JoinusjobTest" tests="1" failures="0" timestamp="2020-12-10T17:28:28 CST" time="36.512" errors="0">
  <testcase name="test16" time="36.512" classname="com.bxx.test.JoinusjobTest"/>
  <system-out/>
</testsuite> <!-- com.bxx.test.JoinusjobTest -->
