<?xml version="1.0" encoding="UTF-8"?>
<!-- Generated by org.testng.reporters.JUnitReportReporter -->
<testsuite skipped="0" hostname="XiongBeauty" name="com.webtest.core.BaseTest" tests="2" failures="0" timestamp="2020-11-23T08:29:55 CST" time="34.161" errors="0">
  <testcase name="testBackLogin" time="14.601" classname="com.webtest.core.BaseTest"/>
  <system-out/>
  <testcase name="testLogin" time="19.560" classname="com.webtest.core.BaseTest"/>
  <system-out/>
</testsuite> <!-- com.webtest.core.BaseTest -->
