<?xml version="1.0" encoding="UTF-8"?>
<!-- Generated by org.testng.reporters.JUnitReportReporter -->
<testsuite skipped="0" hostname="XiongBeauty" name="com.webtest.demo.Admin_Login" tests="2" failures="0" timestamp="2020-11-23T08:14:27 CST" time="26.629" errors="0">
  <testcase name="testBackLogin" time="14.573" classname="com.webtest.demo.Admin_Login"/>
  <system-out/>
  <testcase name="testLogin" time="12.056" classname="com.webtest.demo.Admin_Login"/>
  <system-out/>
</testsuite> <!-- com.webtest.demo.Admin_Login -->
